Start testing: Jun 08 21:20 PDT
----------------------------------------------------------
2/2 Testing: tsq_engine_integration_tests
2/2 Test: tsq_engine_integration_tests
Command: "/Users/dawneweisman/Dev/Theory/out/build/debug/tests/tsq_engine_integration_tests"
Directory: /Users/dawneweisman/Dev/Theory/out/build/debug/tests
"tsq_engine_integration_tests" start time: Jun 08 21:20 PDT
Output:
----------------------------------------------------------
JUCE v8.0.13
Randomness seeded to: 1289977966
[info] Diagnostics log: /Users/dawneweisman/Library/Application Support/TheorySequencer/diagnostics.log
[info] App started
[info] Build type: Debug
[info] Platform: macOS
[info] App settings file: /Users/dawneweisman/Library/Application Support/TheorySequencer/app-settings.xml
[info] Plugin registry cache: /Users/dawneweisman/Library/Application Support/TheorySequencer/plugin-registry.xml
[info] VST3 search paths: /Users/dawneweisman/Library/Audio/Plug-Ins/VST3;/Library/Audio/Plug-Ins/VST3
[info] Default project: 120 BPM, 4/4, C Major
[info] Plugin registry loaded: 7 entries
Settings file: /Users/dawneweisman/Library/TheorySequencer/Settings.xml
Audio block size: 512  Rate: 48000
Creating Default Controllers...
JUCE Assertion failure in juce_AudioPluginFormatManager.cpp:79
Edit loaded in: 2 ms
[info] Playback engine initialized: Tracktion Engine v3.1.0
Rebuilding Wave Device List...
Wave Out: Output 1 + 2 (enabled): 0 (L), 1 (R)
Default Wave Out: Output 1 + 2
Default MIDI Out: 
Default Wave In: 
Default MIDI In: 
[info] Audio output restored: CoreAudio: Built-in Output
[debug] trace: app markPlaybackProjectDirty begin
[debug] plugin-state event: app markPlaybackProjectDirty begin
[debug] plugin-state: no loaded/project instrument
[debug] trace: app restoreObservedPluginParameterStateSoon begin
[debug] plugin-state event: app restoreObservedPluginParameterStateSoon begin
[debug] plugin-state: no loaded/project instrument
[debug] trace: app restoreObservedPluginParameterStateSoon end
[debug] plugin-state event: app restoreObservedPluginParameterStateSoon end
[debug] plugin-state: no loaded/project instrument
[debug] trace: app markPlaybackProjectDirty end
[debug] plugin-state event: app markPlaybackProjectDirty end
[debug] plugin-state: no loaded/project instrument
[info] Assigned instrument to track: Synthesizer
[debug] trace: app syncPlaybackProjectIfNeeded begin
[debug] plugin-state event: app syncPlaybackProjectIfNeeded begin
[debug] plugin-state: no loaded/project instrument
Edit loaded in: 2 ms
[info] Project playback synced: Project synced with full edit rebuild
[debug] trace: app syncPlaybackProjectIfNeeded end
[debug] plugin-state event: app syncPlaybackProjectIfNeeded end
[debug] plugin-state project track track-1: Synthesizer params=2348 nonDefault=5
[debug] plugin-state project track track-1 watched: Osc1 Carrier Wave idx=0 value=0.0000 default=0.0000
[debug] plugin-state project track track-1 watched: Osc1 Mod Amount idx=7 value=0.0000 default=0.0000
[debug] plugin-state project track track-1 watched: Osc1 Wavefold Amount idx=12 value=0.0000 default=0.0000
[debug] plugin-state project track track-1 non-default: Mod Slot 28 Source idx=191 value=0.5000 default=0.0000
[debug] plugin-state project track track-1 non-default: Mod Slot 29 Source idx=195 value=0.6000 default=0.0000
[debug] plugin-state project track track-1 non-default: Mod Slot 30 Source idx=199 value=0.8000 default=0.0000
[debug] plugin-state project track track-1 non-default: Mod Slot 31 Source idx=203 value=0.7000 default=0.0000
[debug] plugin-state project track track-1 non-default: Mod Slot 32 Source idx=207 value=0.9000 default=0.0000
[debug] trace: app markPlaybackProjectDirty begin
[debug] plugin-state event: app markPlaybackProjectDirty begin
[debug] plugin-state project track track-1: Synthesizer params=2348 nonDefault=8
[debug] plugin-state project track track-1 watched: Osc1 Carrier Wave idx=0 value=1.0000 default=0.0000
[debug] plugin-state project track track-1 watched: Osc1 Mod Amount idx=7 value=0.7300 default=0.0000
[debug] plugin-state project track track-1 watched: Osc1 Wavefold Amount idx=12 value=0.6100 default=0.0000
[debug] plugin-state project track track-1 non-default: Osc1 Carrier Wave idx=0 value=1.0000 default=0.0000
[debug] plugin-state project track track-1 non-default: Osc1 Mod Amount idx=7 value=0.7300 default=0.0000
[debug] plugin-state project track track-1 non-default: Osc1 Wavefold Amount idx=12 value=0.6100 default=0.0000
[debug] plugin-state project track track-1 non-default: Mod Slot 28 Source idx=191 value=0.5000 default=0.0000
[debug] plugin-state project track track-1 non-default: Mod Slot 29 Source idx=195 value=0.6000 default=0.0000
[debug] plugin-state project track track-1 non-default: Mod Slot 30 Source idx=199 value=0.8000 default=0.0000
[debug] plugin-state project track track-1 non-default: Mod Slot 31 Source idx=203 value=0.7000 default=0.0000
[debug] plugin-state project track track-1 non-default: Mod Slot 32 Source idx=207 value=0.9000 default=0.0000
[debug] trace: app restoreObservedPluginParameterStateSoon begin
[debug] plugin-state event: app restoreObservedPluginParameterStateSoon begin
[debug] plugin-state project track track-1: Synthesizer params=2348 nonDefault=8
[debug] plugin-state project track track-1 watched: Osc1 Carrier Wave idx=0 value=1.0000 default=0.0000
[debug] plugin-state project track track-1 watched: Osc1 Mod Amount idx=7 value=0.7300 default=0.0000
[debug] plugin-state project track track-1 watched: Osc1 Wavefold Amount idx=12 value=0.6100 default=0.0000
[debug] plugin-state project track track-1 non-default: Osc1 Carrier Wave idx=0 value=1.0000 default=0.0000
[debug] plugin-state project track track-1 non-default: Osc1 Mod Amount idx=7 value=0.7300 default=0.0000
[debug] plugin-state project track track-1 non-default: Osc1 Wavefold Amount idx=12 value=0.6100 default=0.0000
[debug] plugin-state project track track-1 non-default: Mod Slot 28 Source idx=191 value=0.5000 default=0.0000
[debug] plugin-state project track track-1 non-default: Mod Slot 29 Source idx=195 value=0.6000 default=0.0000
[debug] plugin-state project track track-1 non-default: Mod Slot 30 Source idx=199 value=0.8000 default=0.0000
[debug] plugin-state project track track-1 non-default: Mod Slot 31 Source idx=203 value=0.7000 default=0.0000
[debug] plugin-state project track track-1 non-default: Mod Slot 32 Source idx=207 value=0.9000 default=0.0000
[debug] trace: app restoreObservedPluginParameterStateSoon end
[debug] plugin-state event: app restoreObservedPluginParameterStateSoon end
[debug] plugin-state project track track-1: Synthesizer params=2348 nonDefault=8
[debug] plugin-state project track track-1 watched: Osc1 Carrier Wave idx=0 value=1.0000 default=0.0000
[debug] plugin-state project track track-1 watched: Osc1 Mod Amount idx=7 value=0.7300 default=0.0000
[debug] plugin-state project track track-1 watched: Osc1 Wavefold Amount idx=12 value=0.6100 default=0.0000
[debug] plugin-state project track track-1 non-default: Osc1 Carrier Wave idx=0 value=1.0000 default=0.0000
[debug] plugin-state project track track-1 non-default: Osc1 Mod Amount idx=7 value=0.7300 default=0.0000
[debug] plugin-state project track track-1 non-default: Osc1 Wavefold Amount idx=12 value=0.6100 default=0.0000
[debug] plugin-state project track track-1 non-default: Mod Slot 28 Source idx=191 value=0.5000 default=0.0000
[debug] plugin-state project track track-1 non-default: Mod Slot 29 Source idx=195 value=0.6000 default=0.0000
[debug] plugin-state project track track-1 non-default: Mod Slot 30 Source idx=199 value=0.8000 default=0.0000
[debug] plugin-state project track track-1 non-default: Mod Slot 31 Source idx=203 value=0.7000 default=0.0000
[debug] plugin-state project track track-1 non-default: Mod Slot 32 Source idx=207 value=0.9000 default=0.0000
[debug] trace: app markPlaybackProjectDirty end
[debug] plugin-state event: app markPlaybackProjectDirty end
[debug] plugin-state project track track-1: Synthesizer params=2348 nonDefault=8
[debug] plugin-state project track track-1 watched: Osc1 Carrier Wave idx=0 value=1.0000 default=0.0000
[debug] plugin-state project track track-1 watched: Osc1 Mod Amount idx=7 value=0.7300 default=0.0000
[debug] plugin-state project track track-1 watched: Osc1 Wavefold Amount idx=12 value=0.6100 default=0.0000
[debug] plugin-state project track track-1 non-default: Osc1 Carrier Wave idx=0 value=1.0000 default=0.0000
[debug] plugin-state project track track-1 non-default: Osc1 Mod Amount idx=7 value=0.7300 default=0.0000
[debug] plugin-state project track track-1 non-default: Osc1 Wavefold Amount idx=12 value=0.6100 default=0.0000
[debug] plugin-state project track track-1 non-default: Mod Slot 28 Source idx=191 value=0.5000 default=0.0000
[debug] plugin-state project track track-1 non-default: Mod Slot 29 Source idx=195 value=0.6000 default=0.0000
[debug] plugin-state project track track-1 non-default: Mod Slot 30 Source idx=199 value=0.8000 default=0.0000
[debug] plugin-state project track track-1 non-default: Mod Slot 31 Source idx=203 value=0.7000 default=0.0000
[debug] plugin-state project track track-1 non-default: Mod Slot 32 Source idx=207 value=0.9000 default=0.0000
[debug] trace: piano-roll mouseDown begin x=80 y=33
[debug] plugin-state event: piano-roll mouseDown begin x=80 y=33
[debug] plugin-state project track track-1: Synthesizer params=2348 nonDefault=8
[debug] plugin-state project track track-1 watched: Osc1 Carrier Wave idx=0 value=1.0000 default=0.0000
[debug] plugin-state project track track-1 watched: Osc1 Mod Amount idx=7 value=0.7300 default=0.0000
[debug] plugin-state project track track-1 watched: Osc1 Wavefold Amount idx=12 value=0.6100 default=0.0000
[debug] plugin-state project track track-1 non-default: Osc1 Carrier Wave idx=0 value=1.0000 default=0.0000
[debug] plugin-state project track track-1 non-default: Osc1 Mod Amount idx=7 value=0.7300 default=0.0000
[debug] plugin-state project track track-1 non-default: Osc1 Wavefold Amount idx=12 value=0.6100 default=0.0000
[debug] plugin-state project track track-1 non-default: Mod Slot 28 Source idx=191 value=0.5000 default=0.0000
[debug] plugin-state project track track-1 non-default: Mod Slot 29 Source idx=195 value=0.6000 default=0.0000
[debug] plugin-state project track track-1 non-default: Mod Slot 30 Source idx=199 value=0.8000 default=0.0000
[debug] plugin-state project track track-1 non-default: Mod Slot 31 Source idx=203 value=0.7000 default=0.0000
[debug] plugin-state project track track-1 non-default: Mod Slot 32 Source idx=207 value=0.9000 default=0.0000
[debug] trace: app restoreObservedPluginParameterStateSoon begin
[debug] plugin-state event: app restoreObservedPluginParameterStateSoon begin
[debug] plugin-state project track track-1: Synthesizer params=2348 nonDefault=8
[debug] plugin-state project track track-1 watched: Osc1 Carrier Wave idx=0 value=1.0000 default=0.0000
[debug] plugin-state project track track-1 watched: Osc1 Mod Amount idx=7 value=0.7300 default=0.0000
[debug] plugin-state project track track-1 watched: Osc1 Wavefold Amount idx=12 value=0.6100 default=0.0000
[debug] plugin-state project track track-1 non-default: Osc1 Carrier Wave idx=0 value=1.0000 default=0.0000
[debug] plugin-state project track track-1 non-default: Osc1 Mod Amount idx=7 value=0.7300 default=0.0000
[debug] plugin-state project track track-1 non-default: Osc1 Wavefold Amount idx=12 value=0.6100 default=0.0000
[debug] plugin-state project track track-1 non-default: Mod Slot 28 Source idx=191 value=0.5000 default=0.0000
[debug] plugin-state project track track-1 non-default: Mod Slot 29 Source idx=195 value=0.6000 default=0.0000
[debug] plugin-state project track track-1 non-default: Mod Slot 30 Source idx=199 value=0.8000 default=0.0000
[debug] plugin-state project track track-1 non-default: Mod Slot 31 Source idx=203 value=0.7000 default=0.0000
[debug] plugin-state project track track-1 non-default: Mod Slot 32 Source idx=207 value=0.9000 default=0.0000
[debug] trace: app restoreObservedPluginParameterStateSoon end
[debug] plugin-state event: app restoreObservedPluginParameterStateSoon end
[debug] plugin-state project track track-1: Synthesizer params=2348 nonDefault=8
[debug] plugin-state project track track-1 watched: Osc1 Carrier Wave idx=0 value=1.0000 default=0.0000
[debug] plugin-state project track track-1 watched: Osc1 Mod Amount idx=7 value=0.7300 default=0.0000
[debug] plugin-state project track track-1 watched: Osc1 Wavefold Amount idx=12 value=0.6100 default=0.0000
[debug] plugin-state project track track-1 non-default: Osc1 Carrier Wave idx=0 value=1.0000 default=0.0000
[debug] plugin-state project track track-1 non-default: Osc1 Mod Amount idx=7 value=0.7300 default=0.0000
[debug] plugin-state project track track-1 non-default: Osc1 Wavefold Amount idx=12 value=0.6100 default=0.0000
[debug] plugin-state project track track-1 non-default: Mod Slot 28 Source idx=191 value=0.5000 default=0.0000
[debug] plugin-state project track track-1 non-default: Mod Slot 29 Source idx=195 value=0.6000 default=0.0000
[debug] plugin-state project track track-1 non-default: Mod Slot 30 Source idx=199 value=0.8000 default=0.0000
[debug] plugin-state project track track-1 non-default: Mod Slot 31 Source idx=203 value=0.7000 default=0.0000
[debug] plugin-state project track track-1 non-default: Mod Slot 32 Source idx=207 value=0.9000 default=0.0000
[debug] trace: piano-roll mouseDown end
[debug] plugin-state event: piano-roll mouseDown end
[debug] plugin-state project track track-1: Synthesizer params=2348 nonDefault=8
[debug] plugin-state project track track-1 watched: Osc1 Carrier Wave idx=0 value=1.0000 default=0.0000
[debug] plugin-state project track track-1 watched: Osc1 Mod Amount idx=7 value=0.7300 default=0.0000
[debug] plugin-state project track track-1 watched: Osc1 Wavefold Amount idx=12 value=0.6100 default=0.0000
[debug] plugin-state project track track-1 non-default: Osc1 Carrier Wave idx=0 value=1.0000 default=0.0000
[debug] plugin-state project track track-1 non-default: Osc1 Mod Amount idx=7 value=0.7300 default=0.0000
[debug] plugin-state project track track-1 non-default: Osc1 Wavefold Amount idx=12 value=0.6100 default=0.0000
[debug] plugin-state project track track-1 non-default: Mod Slot 28 Source idx=191 value=0.5000 default=0.0000
[debug] plugin-state project track track-1 non-default: Mod Slot 29 Source idx=195 value=0.6000 default=0.0000
[debug] plugin-state project track track-1 non-default: Mod Slot 30 Source idx=199 value=0.8000 default=0.0000
[debug] plugin-state project track track-1 non-default: Mod Slot 31 Source idx=203 value=0.7000 default=0.0000
[debug] plugin-state project track track-1 non-default: Mod Slot 32 Source idx=207 value=0.9000 default=0.0000
[debug] trace: piano-roll mouseDown begin x=80 y=33
[debug] plugin-state event: piano-roll mouseDown begin x=80 y=33
[debug] plugin-state project track track-1: Synthesizer params=2348 nonDefault=8
[debug] plugin-state project track track-1 watched: Osc1 Carrier Wave idx=0 value=1.0000 default=0.0000
[debug] plugin-state project track track-1 watched: Osc1 Mod Amount idx=7 value=0.7300 default=0.0000
[debug] plugin-state project track track-1 watched: Osc1 Wavefold Amount idx=12 value=0.6100 default=0.0000
[debug] plugin-state project track track-1 non-default: Osc1 Carrier Wave idx=0 value=1.0000 default=0.0000
[debug] plugin-state project track track-1 non-default: Osc1 Mod Amount idx=7 value=0.7300 default=0.0000
[debug] plugin-state project track track-1 non-default: Osc1 Wavefold Amount idx=12 value=0.6100 default=0.0000
[debug] plugin-state project track track-1 non-default: Mod Slot 28 Source idx=191 value=0.5000 default=0.0000
[debug] plugin-state project track track-1 non-default: Mod Slot 29 Source idx=195 value=0.6000 default=0.0000
[debug] plugin-state project track track-1 non-default: Mod Slot 30 Source idx=199 value=0.8000 default=0.0000
[debug] plugin-state project track track-1 non-default: Mod Slot 31 Source idx=203 value=0.7000 default=0.0000
[debug] plugin-state project track track-1 non-default: Mod Slot 32 Source idx=207 value=0.9000 default=0.0000
[debug] trace: app restoreObservedPluginParameterStateSoon begin
[debug] plugin-state event: app restoreObservedPluginParameterStateSoon begin
[debug] plugin-state project track track-1: Synthesizer params=2348 nonDefault=8
[debug] plugin-state project track track-1 watched: Osc1 Carrier Wave idx=0 value=1.0000 default=0.0000
[debug] plugin-state project track track-1 watched: Osc1 Mod Amount idx=7 value=0.7300 default=0.0000
[debug] plugin-state project track track-1 watched: Osc1 Wavefold Amount idx=12 value=0.6100 default=0.0000
[debug] plugin-state project track track-1 non-default: Osc1 Carrier Wave idx=0 value=1.0000 default=0.0000
[debug] plugin-state project track track-1 non-default: Osc1 Mod Amount idx=7 value=0.7300 default=0.0000
[debug] plugin-state project track track-1 non-default: Osc1 Wavefold Amount idx=12 value=0.6100 default=0.0000
[debug] plugin-state project track track-1 non-default: Mod Slot 28 Source idx=191 value=0.5000 default=0.0000
[debug] plugin-state project track track-1 non-default: Mod Slot 29 Source idx=195 value=0.6000 default=0.0000
[debug] plugin-state project track track-1 non-default: Mod Slot 30 Source idx=199 value=0.8000 default=0.0000
[debug] plugin-state project track track-1 non-default: Mod Slot 31 Source idx=203 value=0.7000 default=0.0000
[debug] plugin-state project track track-1 non-default: Mod Slot 32 Source idx=207 value=0.9000 default=0.0000
[debug] trace: app restoreObservedPluginParameterStateSoon end
[debug] plugin-state event: app restoreObservedPluginParameterStateSoon end
[debug] plugin-state project track track-1: Synthesizer params=2348 nonDefault=8
[debug] plugin-state project track track-1 watched: Osc1 Carrier Wave idx=0 value=1.0000 default=0.0000
[debug] plugin-state project track track-1 watched: Osc1 Mod Amount idx=7 value=0.7300 default=0.0000
[debug] plugin-state project track track-1 watched: Osc1 Wavefold Amount idx=12 value=0.6100 default=0.0000
[debug] plugin-state project track track-1 non-default: Osc1 Carrier Wave idx=0 value=1.0000 default=0.0000
[debug] plugin-state project track track-1 non-default: Osc1 Mod Amount idx=7 value=0.7300 default=0.0000
[debug] plugin-state project track track-1 non-default: Osc1 Wavefold Amount idx=12 value=0.6100 default=0.0000
[debug] plugin-state project track track-1 non-default: Mod Slot 28 Source idx=191 value=0.5000 default=0.0000
[debug] plugin-state project track track-1 non-default: Mod Slot 29 Source idx=195 value=0.6000 default=0.0000
[debug] plugin-state project track track-1 non-default: Mod Slot 30 Source idx=199 value=0.8000 default=0.0000
[debug] plugin-state project track track-1 non-default: Mod Slot 31 Source idx=203 value=0.7000 default=0.0000
[debug] plugin-state project track track-1 non-default: Mod Slot 32 Source idx=207 value=0.9000 default=0.0000
[debug] trace: piano-roll mouseDown end
[debug] plugin-state event: piano-roll mouseDown end
[debug] plugin-state project track track-1: Synthesizer params=2348 nonDefault=8
[debug] plugin-state project track track-1 watched: Osc1 Carrier Wave idx=0 value=1.0000 default=0.0000
[debug] plugin-state project track track-1 watched: Osc1 Mod Amount idx=7 value=0.7300 default=0.0000
[debug] plugin-state project track track-1 watched: Osc1 Wavefold Amount idx=12 value=0.6100 default=0.0000
[debug] plugin-state project track track-1 non-default: Osc1 Carrier Wave idx=0 value=1.0000 default=0.0000
[debug] plugin-state project track track-1 non-default: Osc1 Mod Amount idx=7 value=0.7300 default=0.0000
[debug] plugin-state project track track-1 non-default: Osc1 Wavefold Amount idx=12 value=0.6100 default=0.0000
[debug] plugin-state project track track-1 non-default: Mod Slot 28 Source idx=191 value=0.5000 default=0.0000
[debug] plugin-state project track track-1 non-default: Mod Slot 29 Source idx=195 value=0.6000 default=0.0000
[debug] plugin-state project track track-1 non-default: Mod Slot 30 Source idx=199 value=0.8000 default=0.0000
[debug] plugin-state project track track-1 non-default: Mod Slot 31 Source idx=203 value=0.7000 default=0.0000
[debug] plugin-state project track track-1 non-default: Mod Slot 32 Source idx=207 value=0.9000 default=0.0000
[debug] trace: piano-roll mouseDoubleClick begin x=80 y=33
[debug] plugin-state event: piano-roll mouseDoubleClick begin x=80 y=33
[debug] plugin-state project track track-1: Synthesizer params=2348 nonDefault=8
[debug] plugin-state project track track-1 watched: Osc1 Carrier Wave idx=0 value=1.0000 default=0.0000
[debug] plugin-state project track track-1 watched: Osc1 Mod Amount idx=7 value=0.7300 default=0.0000
[debug] plugin-state project track track-1 watched: Osc1 Wavefold Amount idx=12 value=0.6100 default=0.0000
[debug] plugin-state project track track-1 non-default: Osc1 Carrier Wave idx=0 value=1.0000 default=0.0000
[debug] plugin-state project track track-1 non-default: Osc1 Mod Amount idx=7 value=0.7300 default=0.0000
[debug] plugin-state project track track-1 non-default: Osc1 Wavefold Amount idx=12 value=0.6100 default=0.0000
[debug] plugin-state project track track-1 non-default: Mod Slot 28 Source idx=191 value=0.5000 default=0.0000
[debug] plugin-state project track track-1 non-default: Mod Slot 29 Source idx=195 value=0.6000 default=0.0000
[debug] plugin-state project track track-1 non-default: Mod Slot 30 Source idx=199 value=0.8000 default=0.0000
[debug] plugin-state project track track-1 non-default: Mod Slot 31 Source idx=203 value=0.7000 default=0.0000
[debug] plugin-state project track track-1 non-default: Mod Slot 32 Source idx=207 value=0.9000 default=0.0000
[debug] trace: app restoreObservedPluginParameterStateSoon begin
[debug] plugin-state event: app restoreObservedPluginParameterStateSoon begin
[debug] plugin-state project track track-1: Synthesizer params=2348 nonDefault=8
[debug] plugin-state project track track-1 watched: Osc1 Carrier Wave idx=0 value=1.0000 default=0.0000
[debug] plugin-state project track track-1 watched: Osc1 Mod Amount idx=7 value=0.7300 default=0.0000
[debug] plugin-state project track track-1 watched: Osc1 Wavefold Amount idx=12 value=0.6100 default=0.0000
[debug] plugin-state project track track-1 non-default: Osc1 Carrier Wave idx=0 value=1.0000 default=0.0000
[debug] plugin-state project track track-1 non-default: Osc1 Mod Amount idx=7 value=0.7300 default=0.0000
[debug] plugin-state project track track-1 non-default: Osc1 Wavefold Amount idx=12 value=0.6100 default=0.0000
[debug] plugin-state project track track-1 non-default: Mod Slot 28 Source idx=191 value=0.5000 default=0.0000
[debug] plugin-state project track track-1 non-default: Mod Slot 29 Source idx=195 value=0.6000 default=0.0000
[debug] plugin-state project track track-1 non-default: Mod Slot 30 Source idx=199 value=0.8000 default=0.0000
[debug] plugin-state project track track-1 non-default: Mod Slot 31 Source idx=203 value=0.7000 default=0.0000
[debug] plugin-state project track track-1 non-default: Mod Slot 32 Source idx=207 value=0.9000 default=0.0000
[debug] trace: app restoreObservedPluginParameterStateSoon end
[debug] plugin-state event: app restoreObservedPluginParameterStateSoon end
[debug] plugin-state project track track-1: Synthesizer params=2348 nonDefault=8
[debug] plugin-state project track track-1 watched: Osc1 Carrier Wave idx=0 value=1.0000 default=0.0000
[debug] plugin-state project track track-1 watched: Osc1 Mod Amount idx=7 value=0.7300 default=0.0000
[debug] plugin-state project track track-1 watched: Osc1 Wavefold Amount idx=12 value=0.6100 default=0.0000
[debug] plugin-state project track track-1 non-default: Osc1 Carrier Wave idx=0 value=1.0000 default=0.0000
[debug] plugin-state project track track-1 non-default: Osc1 Mod Amount idx=7 value=0.7300 default=0.0000
[debug] plugin-state project track track-1 non-default: Osc1 Wavefold Amount idx=12 value=0.6100 default=0.0000
[debug] plugin-state project track track-1 non-default: Mod Slot 28 Source idx=191 value=0.5000 default=0.0000
[debug] plugin-state project track track-1 non-default: Mod Slot 29 Source idx=195 value=0.6000 default=0.0000
[debug] plugin-state project track track-1 non-default: Mod Slot 30 Source idx=199 value=0.8000 default=0.0000
[debug] plugin-state project track track-1 non-default: Mod Slot 31 Source idx=203 value=0.7000 default=0.0000
[debug] plugin-state project track track-1 non-default: Mod Slot 32 Source idx=207 value=0.9000 default=0.0000
[debug] trace: piano-roll command begin: Add Note
[debug] plugin-state event: piano-roll command begin: Add Note
[debug] plugin-state project track track-1: Synthesizer params=2348 nonDefault=8
[debug] plugin-state project track track-1 watched: Osc1 Carrier Wave idx=0 value=1.0000 default=0.0000
[debug] plugin-state project track track-1 watched: Osc1 Mod Amount idx=7 value=0.7300 default=0.0000
[debug] plugin-state project track track-1 watched: Osc1 Wavefold Amount idx=12 value=0.6100 default=0.0000
[debug] plugin-state project track track-1 non-default: Osc1 Carrier Wave idx=0 value=1.0000 default=0.0000
[debug] plugin-state project track track-1 non-default: Osc1 Mod Amount idx=7 value=0.7300 default=0.0000
[debug] plugin-state project track track-1 non-default: Osc1 Wavefold Amount idx=12 value=0.6100 default=0.0000
[debug] plugin-state project track track-1 non-default: Mod Slot 28 Source idx=191 value=0.5000 default=0.0000
[debug] plugin-state project track track-1 non-default: Mod Slot 29 Source idx=195 value=0.6000 default=0.0000
[debug] plugin-state project track track-1 non-default: Mod Slot 30 Source idx=199 value=0.8000 default=0.0000
[debug] plugin-state project track track-1 non-default: Mod Slot 31 Source idx=203 value=0.7000 default=0.0000
[debug] plugin-state project track track-1 non-default: Mod Slot 32 Source idx=207 value=0.9000 default=0.0000
[debug] trace: app markPlaybackProjectDirty begin
[debug] plugin-state event: app markPlaybackProjectDirty begin
[debug] plugin-state project track track-1: Synthesizer params=2348 nonDefault=8
[debug] plugin-state project track track-1 watched: Osc1 Carrier Wave idx=0 value=1.0000 default=0.0000
[debug] plugin-state project track track-1 watched: Osc1 Mod Amount idx=7 value=0.7300 default=0.0000
[debug] plugin-state project track track-1 watched: Osc1 Wavefold Amount idx=12 value=0.6100 default=0.0000
[debug] plugin-state project track track-1 non-default: Osc1 Carrier Wave idx=0 value=1.0000 default=0.0000
[debug] plugin-state project track track-1 non-default: Osc1 Mod Amount idx=7 value=0.7300 default=0.0000
[debug] plugin-state project track track-1 non-default: Osc1 Wavefold Amount idx=12 value=0.6100 default=0.0000
[debug] plugin-state project track track-1 non-default: Mod Slot 28 Source idx=191 value=0.5000 default=0.0000
[debug] plugin-state project track track-1 non-default: Mod Slot 29 Source idx=195 value=0.6000 default=0.0000
[debug] plugin-state project track track-1 non-default: Mod Slot 30 Source idx=199 value=0.8000 default=0.0000
[debug] plugin-state project track track-1 non-default: Mod Slot 31 Source idx=203 value=0.7000 default=0.0000
[debug] plugin-state project track track-1 non-default: Mod Slot 32 Source idx=207 value=0.9000 default=0.0000
[debug] trace: app restoreObservedPluginParameterStateSoon begin
[debug] plugin-state event: app restoreObservedPluginParameterStateSoon begin
[debug] plugin-state project track track-1: Synthesizer params=2348 nonDefault=8
[debug] plugin-state project track track-1 watched: Osc1 Carrier Wave idx=0 value=1.0000 default=0.0000
[debug] plugin-state project track track-1 watched: Osc1 Mod Amount idx=7 value=0.7300 default=0.0000
[debug] plugin-state project track track-1 watched: Osc1 Wavefold Amount idx=12 value=0.6100 default=0.0000
[debug] plugin-state project track track-1 non-default: Osc1 Carrier Wave idx=0 value=1.0000 default=0.0000
[debug] plugin-state project track track-1 non-default: Osc1 Mod Amount idx=7 value=0.7300 default=0.0000
[debug] plugin-state project track track-1 non-default: Osc1 Wavefold Amount idx=12 value=0.6100 default=0.0000
[debug] plugin-state project track track-1 non-default: Mod Slot 28 Source idx=191 value=0.5000 default=0.0000
[debug] plugin-state project track track-1 non-default: Mod Slot 29 Source idx=195 value=0.6000 default=0.0000
[debug] plugin-state project track track-1 non-default: Mod Slot 30 Source idx=199 value=0.8000 default=0.0000
[debug] plugin-state project track track-1 non-default: Mod Slot 31 Source idx=203 value=0.7000 default=0.0000
[debug] plugin-state project track track-1 non-default: Mod Slot 32 Source idx=207 value=0.9000 default=0.0000
[debug] trace: app restoreObservedPluginParameterStateSoon end
[debug] plugin-state event: app restoreObservedPluginParameterStateSoon end
[debug] plugin-state project track track-1: Synthesizer params=2348 nonDefault=8
[debug] plugin-state project track track-1 watched: Osc1 Carrier Wave idx=0 value=1.0000 default=0.0000
[debug] plugin-state project track track-1 watched: Osc1 Mod Amount idx=7 value=0.7300 default=0.0000
[debug] plugin-state project track track-1 watched: Osc1 Wavefold Amount idx=12 value=0.6100 default=0.0000
[debug] plugin-state project track track-1 non-default: Osc1 Carrier Wave idx=0 value=1.0000 default=0.0000
[debug] plugin-state project track track-1 non-default: Osc1 Mod Amount idx=7 value=0.7300 default=0.0000
[debug] plugin-state project track track-1 non-default: Osc1 Wavefold Amount idx=12 value=0.6100 default=0.0000
[debug] plugin-state project track track-1 non-default: Mod Slot 28 Source idx=191 value=0.5000 default=0.0000
[debug] plugin-state project track track-1 non-default: Mod Slot 29 Source idx=195 value=0.6000 default=0.0000
[debug] plugin-state project track track-1 non-default: Mod Slot 30 Source idx=199 value=0.8000 default=0.0000
[debug] plugin-state project track track-1 non-default: Mod Slot 31 Source idx=203 value=0.7000 default=0.0000
[debug] plugin-state project track track-1 non-default: Mod Slot 32 Source idx=207 value=0.9000 default=0.0000
[debug] trace: app markPlaybackProjectDirty end
[debug] plugin-state event: app markPlaybackProjectDirty end
[debug] plugin-state project track track-1: Synthesizer params=2348 nonDefault=8
[debug] plugin-state project track track-1 watched: Osc1 Carrier Wave idx=0 value=1.0000 default=0.0000
[debug] plugin-state project track track-1 watched: Osc1 Mod Amount idx=7 value=0.7300 default=0.0000
[debug] plugin-state project track track-1 watched: Osc1 Wavefold Amount idx=12 value=0.6100 default=0.0000
[debug] plugin-state project track track-1 non-default: Osc1 Carrier Wave idx=0 value=1.0000 default=0.0000
[debug] plugin-state project track track-1 non-default: Osc1 Mod Amount idx=7 value=0.7300 default=0.0000
[debug] plugin-state project track track-1 non-default: Osc1 Wavefold Amount idx=12 value=0.6100 default=0.0000
[debug] plugin-state project track track-1 non-default: Mod Slot 28 Source idx=191 value=0.5000 default=0.0000
[debug] plugin-state project track track-1 non-default: Mod Slot 29 Source idx=195 value=0.6000 default=0.0000
[debug] plugin-state project track track-1 non-default: Mod Slot 30 Source idx=199 value=0.8000 default=0.0000
[debug] plugin-state project track track-1 non-default: Mod Slot 31 Source idx=203 value=0.7000 default=0.0000
[debug] plugin-state project track track-1 non-default: Mod Slot 32 Source idx=207 value=0.9000 default=0.0000
[debug] trace: app restoreObservedPluginParameterStateSoon begin
[debug] plugin-state event: app restoreObservedPluginParameterStateSoon begin
[debug] plugin-state project track track-1: Synthesizer params=2348 nonDefault=8
[debug] plugin-state project track track-1 watched: Osc1 Carrier Wave idx=0 value=1.0000 default=0.0000
[debug] plugin-state project track track-1 watched: Osc1 Mod Amount idx=7 value=0.7300 default=0.0000
[debug] plugin-state project track track-1 watched: Osc1 Wavefold Amount idx=12 value=0.6100 default=0.0000
[debug] plugin-state project track track-1 non-default: Osc1 Carrier Wave idx=0 value=1.0000 default=0.0000
[debug] plugin-state project track track-1 non-default: Osc1 Mod Amount idx=7 value=0.7300 default=0.0000
[debug] plugin-state project track track-1 non-default: Osc1 Wavefold Amount idx=12 value=0.6100 default=0.0000
[debug] plugin-state project track track-1 non-default: Mod Slot 28 Source idx=191 value=0.5000 default=0.0000
[debug] plugin-state project track track-1 non-default: Mod Slot 29 Source idx=195 value=0.6000 default=0.0000
[debug] plugin-state project track track-1 non-default: Mod Slot 30 Source idx=199 value=0.8000 default=0.0000
[debug] plugin-state project track track-1 non-default: Mod Slot 31 Source idx=203 value=0.7000 default=0.0000
[debug] plugin-state project track track-1 non-default: Mod Slot 32 Source idx=207 value=0.9000 default=0.0000
[debug] trace: app restoreObservedPluginParameterStateSoon end
[debug] plugin-state event: app restoreObservedPluginParameterStateSoon end
[debug] plugin-state project track track-1: Synthesizer params=2348 nonDefault=8
[debug] plugin-state project track track-1 watched: Osc1 Carrier Wave idx=0 value=1.0000 default=0.0000
[debug] plugin-state project track track-1 watched: Osc1 Mod Amount idx=7 value=0.7300 default=0.0000
[debug] plugin-state project track track-1 watched: Osc1 Wavefold Amount idx=12 value=0.6100 default=0.0000
[debug] plugin-state project track track-1 non-default: Osc1 Carrier Wave idx=0 value=1.0000 default=0.0000
[debug] plugin-state project track track-1 non-default: Osc1 Mod Amount idx=7 value=0.7300 default=0.0000
[debug] plugin-state project track track-1 non-default: Osc1 Wavefold Amount idx=12 value=0.6100 default=0.0000
[debug] plugin-state project track track-1 non-default: Mod Slot 28 Source idx=191 value=0.5000 default=0.0000
[debug] plugin-state project track track-1 non-default: Mod Slot 29 Source idx=195 value=0.6000 default=0.0000
[debug] plugin-state project track track-1 non-default: Mod Slot 30 Source idx=199 value=0.8000 default=0.0000
[debug] plugin-state project track track-1 non-default: Mod Slot 31 Source idx=203 value=0.7000 default=0.0000
[debug] plugin-state project track track-1 non-default: Mod Slot 32 Source idx=207 value=0.9000 default=0.0000
[debug] trace: piano-roll command end: Add Note
[debug] plugin-state event: piano-roll command end: Add Note
[debug] plugin-state project track track-1: Synthesizer params=2348 nonDefault=8
[debug] plugin-state project track track-1 watched: Osc1 Carrier Wave idx=0 value=1.0000 default=0.0000
[debug] plugin-state project track track-1 watched: Osc1 Mod Amount idx=7 value=0.7300 default=0.0000
[debug] plugin-state project track track-1 watched: Osc1 Wavefold Amount idx=12 value=0.6100 default=0.0000
[debug] plugin-state project track track-1 non-default: Osc1 Carrier Wave idx=0 value=1.0000 default=0.0000
[debug] plugin-state project track track-1 non-default: Osc1 Mod Amount idx=7 value=0.7300 default=0.0000
[debug] plugin-state project track track-1 non-default: Osc1 Wavefold Amount idx=12 value=0.6100 default=0.0000
[debug] plugin-state project track track-1 non-default: Mod Slot 28 Source idx=191 value=0.5000 default=0.0000
[debug] plugin-state project track track-1 non-default: Mod Slot 29 Source idx=195 value=0.6000 default=0.0000
[debug] plugin-state project track track-1 non-default: Mod Slot 30 Source idx=199 value=0.8000 default=0.0000
[debug] plugin-state project track track-1 non-default: Mod Slot 31 Source idx=203 value=0.7000 default=0.0000
[debug] plugin-state project track track-1 non-default: Mod Slot 32 Source idx=207 value=0.9000 default=0.0000
[debug] trace: piano-roll mouseDoubleClick end
[debug] plugin-state event: piano-roll mouseDoubleClick end
[debug] plugin-state project track track-1: Synthesizer params=2348 nonDefault=8
[debug] plugin-state project track track-1 watched: Osc1 Carrier Wave idx=0 value=1.0000 default=0.0000
[debug] plugin-state project track track-1 watched: Osc1 Mod Amount idx=7 value=0.7300 default=0.0000
[debug] plugin-state project track track-1 watched: Osc1 Wavefold Amount idx=12 value=0.6100 default=0.0000
[debug] plugin-state project track track-1 non-default: Osc1 Carrier Wave idx=0 value=1.0000 default=0.0000
[debug] plugin-state project track track-1 non-default: Osc1 Mod Amount idx=7 value=0.7300 default=0.0000
[debug] plugin-state project track track-1 non-default: Osc1 Wavefold Amount idx=12 value=0.6100 default=0.0000
[debug] plugin-state project track track-1 non-default: Mod Slot 28 Source idx=191 value=0.5000 default=0.0000
[debug] plugin-state project track track-1 non-default: Mod Slot 29 Source idx=195 value=0.6000 default=0.0000
[debug] plugin-state project track track-1 non-default: Mod Slot 30 Source idx=199 value=0.8000 default=0.0000
[debug] plugin-state project track track-1 non-default: Mod Slot 31 Source idx=203 value=0.7000 default=0.0000
[debug] plugin-state project track track-1 non-default: Mod Slot 32 Source idx=207 value=0.9000 default=0.0000
MIDI Input devices scanned in: 0
Updating MIDI I/O devices
Found MIDI in: all_midi_in ("All MIDI Ins") (enabled)
[debug] trace: app markPlaybackProjectDirty begin
[debug] plugin-state event: app markPlaybackProjectDirty begin
[debug] plugin-state project track track-1: Synthesizer params=2348 nonDefault=8
[debug] plugin-state project track track-1 watched: Osc1 Carrier Wave idx=0 value=1.0000 default=0.0000
[debug] plugin-state project track track-1 watched: Osc1 Mod Amount idx=7 value=0.7300 default=0.0000
[debug] plugin-state project track track-1 watched: Osc1 Wavefold Amount idx=12 value=0.6100 default=0.0000
[debug] plugin-state project track track-1 non-default: Osc1 Carrier Wave idx=0 value=1.0000 default=0.0000
[debug] plugin-state project track track-1 non-default: Osc1 Mod Amount idx=7 value=0.7300 default=0.0000
[debug] plugin-state project track track-1 non-default: Osc1 Wavefold Amount idx=12 value=0.6100 default=0.0000
[debug] plugin-state project track track-1 non-default: Mod Slot 28 Source idx=191 value=0.5000 default=0.0000
[debug] plugin-state project track track-1 non-default: Mod Slot 29 Source idx=195 value=0.6000 default=0.0000
[debug] plugin-state project track track-1 non-default: Mod Slot 30 Source idx=199 value=0.8000 default=0.0000
[debug] plugin-state project track track-1 non-default: Mod Slot 31 Source idx=203 value=0.7000 default=0.0000
[debug] plugin-state project track track-1 non-default: Mod Slot 32 Source idx=207 value=0.9000 default=0.0000
[debug] trace: app restoreObservedPluginParameterStateSoon begin
[debug] plugin-state event: app restoreObservedPluginParameterStateSoon begin
[debug] plugin-state project track track-1: Synthesizer params=2348 nonDefault=8
[debug] plugin-state project track track-1 watched: Osc1 Carrier Wave idx=0 value=1.0000 default=0.0000
[debug] plugin-state project track track-1 watched: Osc1 Mod Amount idx=7 value=0.7300 default=0.0000
[debug] plugin-state project track track-1 watched: Osc1 Wavefold Amount idx=12 value=0.6100 default=0.0000
[debug] plugin-state project track track-1 non-default: Osc1 Carrier Wave idx=0 value=1.0000 default=0.0000
[debug] plugin-state project track track-1 non-default: Osc1 Mod Amount idx=7 value=0.7300 default=0.0000
[debug] plugin-state project track track-1 non-default: Osc1 Wavefold Amount idx=12 value=0.6100 default=0.0000
[debug] plugin-state project track track-1 non-default: Mod Slot 28 Source idx=191 value=0.5000 default=0.0000
[debug] plugin-state project track track-1 non-default: Mod Slot 29 Source idx=195 value=0.6000 default=0.0000
[debug] plugin-state project track track-1 non-default: Mod Slot 30 Source idx=199 value=0.8000 default=0.0000
[debug] plugin-state project track track-1 non-default: Mod Slot 31 Source idx=203 value=0.7000 default=0.0000
[debug] plugin-state project track track-1 non-default: Mod Slot 32 Source idx=207 value=0.9000 default=0.0000
[debug] trace: app restoreObservedPluginParameterStateSoon end
[debug] plugin-state event: app restoreObservedPluginParameterStateSoon end
[debug] plugin-state project track track-1: Synthesizer params=2348 nonDefault=8
[debug] plugin-state project track track-1 watched: Osc1 Carrier Wave idx=0 value=1.0000 default=0.0000
[debug] plugin-state project track track-1 watched: Osc1 Mod Amount idx=7 value=0.7300 default=0.0000
[debug] plugin-state project track track-1 watched: Osc1 Wavefold Amount idx=12 value=0.6100 default=0.0000
[debug] plugin-state project track track-1 non-default: Osc1 Carrier Wave idx=0 value=1.0000 default=0.0000
[debug] plugin-state project track track-1 non-default: Osc1 Mod Amount idx=7 value=0.7300 default=0.0000
[debug] plugin-state project track track-1 non-default: Osc1 Wavefold Amount idx=12 value=0.6100 default=0.0000
[debug] plugin-state project track track-1 non-default: Mod Slot 28 Source idx=191 value=0.5000 default=0.0000
[debug] plugin-state project track track-1 non-default: Mod Slot 29 Source idx=195 value=0.6000 default=0.0000
[debug] plugin-state project track track-1 non-default: Mod Slot 30 Source idx=199 value=0.8000 default=0.0000
[debug] plugin-state project track track-1 non-default: Mod Slot 31 Source idx=203 value=0.7000 default=0.0000
[debug] plugin-state project track track-1 non-default: Mod Slot 32 Source idx=207 value=0.9000 default=0.0000
[debug] trace: app markPlaybackProjectDirty end
[debug] plugin-state event: app markPlaybackProjectDirty end
[debug] plugin-state project track track-1: Synthesizer params=2348 nonDefault=8
[debug] plugin-state project track track-1 watched: Osc1 Carrier Wave idx=0 value=1.0000 default=0.0000
[debug] plugin-state project track track-1 watched: Osc1 Mod Amount idx=7 value=0.7300 default=0.0000
[debug] plugin-state project track track-1 watched: Osc1 Wavefold Amount idx=12 value=0.6100 default=0.0000
[debug] plugin-state project track track-1 non-default: Osc1 Carrier Wave idx=0 value=1.0000 default=0.0000
[debug] plugin-state project track track-1 non-default: Osc1 Mod Amount idx=7 value=0.7300 default=0.0000
[debug] plugin-state project track track-1 non-default: Osc1 Wavefold Amount idx=12 value=0.6100 default=0.0000
[debug] plugin-state project track track-1 non-default: Mod Slot 28 Source idx=191 value=0.5000 default=0.0000
[debug] plugin-state project track track-1 non-default: Mod Slot 29 Source idx=195 value=0.6000 default=0.0000
[debug] plugin-state project track track-1 non-default: Mod Slot 30 Source idx=199 value=0.8000 default=0.0000
[debug] plugin-state project track track-1 non-default: Mod Slot 31 Source idx=203 value=0.7000 default=0.0000
[debug] plugin-state project track track-1 non-default: Mod Slot 32 Source idx=207 value=0.9000 default=0.0000
[debug] trace: app syncPlaybackProjectIfNeeded begin
[debug] plugin-state event: app syncPlaybackProjectIfNeeded begin
[debug] plugin-state project track track-1: Synthesizer params=2348 nonDefault=8
[debug] plugin-state project track track-1 watched: Osc1 Carrier Wave idx=0 value=1.0000 default=0.0000
[debug] plugin-state project track track-1 watched: Osc1 Mod Amount idx=7 value=0.7300 default=0.0000
[debug] plugin-state project track track-1 watched: Osc1 Wavefold Amount idx=12 value=0.6100 default=0.0000
[debug] plugin-state project track track-1 non-default: Osc1 Carrier Wave idx=0 value=1.0000 default=0.0000
[debug] plugin-state project track track-1 non-default: Osc1 Mod Amount idx=7 value=0.7300 default=0.0000
[debug] plugin-state project track track-1 non-default: Osc1 Wavefold Amount idx=12 value=0.6100 default=0.0000
[debug] plugin-state project track track-1 non-default: Mod Slot 28 Source idx=191 value=0.5000 default=0.0000
[debug] plugin-state project track track-1 non-default: Mod Slot 29 Source idx=195 value=0.6000 default=0.0000
[debug] plugin-state project track track-1 non-default: Mod Slot 30 Source idx=199 value=0.8000 default=0.0000
[debug] plugin-state project track track-1 non-default: Mod Slot 31 Source idx=203 value=0.7000 default=0.0000
[debug] plugin-state project track track-1 non-default: Mod Slot 32 Source idx=207 value=0.9000 default=0.0000
[info] Project playback synced: Project synced in place
[debug] trace: app syncPlaybackProjectIfNeeded end
[debug] plugin-state event: app syncPlaybackProjectIfNeeded end
[debug] plugin-state project track track-1: Synthesizer params=2348 nonDefault=8
[debug] plugin-state project track track-1 watched: Osc1 Carrier Wave idx=0 value=1.0000 default=0.0000
[debug] plugin-state project track track-1 watched: Osc1 Mod Amount idx=7 value=0.7300 default=0.0000
[debug] plugin-state project track track-1 watched: Osc1 Wavefold Amount idx=12 value=0.6100 default=0.0000
[debug] plugin-state project track track-1 non-default: Osc1 Carrier Wave idx=0 value=1.0000 default=0.0000
[debug] plugin-state project track track-1 non-default: Osc1 Mod Amount idx=7 value=0.7300 default=0.0000
[debug] plugin-state project track track-1 non-default: Osc1 Wavefold Amount idx=12 value=0.6100 default=0.0000
[debug] plugin-state project track track-1 non-default: Mod Slot 28 Source idx=191 value=0.5000 default=0.0000
[debug] plugin-state project track track-1 non-default: Mod Slot 29 Source idx=195 value=0.6000 default=0.0000
[debug] plugin-state project track track-1 non-default: Mod Slot 30 Source idx=199 value=0.8000 default=0.0000
[debug] plugin-state project track track-1 non-default: Mod Slot 31 Source idx=203 value=0.7000 default=0.0000
[debug] plugin-state project track track-1 non-default: Mod Slot 32 Source idx=207 value=0.9000 default=0.0000
[debug] trace: app returnPlaybackToStart begin
[debug] plugin-state event: app returnPlaybackToStart begin
[debug] plugin-state project track track-1: Synthesizer params=2348 nonDefault=8
[debug] plugin-state project track track-1 watched: Osc1 Carrier Wave idx=0 value=1.0000 default=0.0000
[debug] plugin-state project track track-1 watched: Osc1 Mod Amount idx=7 value=0.7300 default=0.0000
[debug] plugin-state project track track-1 watched: Osc1 Wavefold Amount idx=12 value=0.6100 default=0.0000
[debug] plugin-state project track track-1 non-default: Osc1 Carrier Wave idx=0 value=1.0000 default=0.0000
[debug] plugin-state project track track-1 non-default: Osc1 Mod Amount idx=7 value=0.7300 default=0.0000
[debug] plugin-state project track track-1 non-default: Osc1 Wavefold Amount idx=12 value=0.6100 default=0.0000
[debug] plugin-state project track track-1 non-default: Mod Slot 28 Source idx=191 value=0.5000 default=0.0000
[debug] plugin-state project track track-1 non-default: Mod Slot 29 Source idx=195 value=0.6000 default=0.0000
[debug] plugin-state project track track-1 non-default: Mod Slot 30 Source idx=199 value=0.8000 default=0.0000
[debug] plugin-state project track track-1 non-default: Mod Slot 31 Source idx=203 value=0.7000 default=0.0000
[debug] plugin-state project track track-1 non-default: Mod Slot 32 Source idx=207 value=0.9000 default=0.0000
[debug] trace: app returnPlaybackToStart end
[debug] plugin-state event: app returnPlaybackToStart end
[debug] plugin-state project track track-1: Synthesizer params=2348 nonDefault=8
[debug] plugin-state project track track-1 watched: Osc1 Carrier Wave idx=0 value=1.0000 default=0.0000
[debug] plugin-state project track track-1 watched: Osc1 Mod Amount idx=7 value=0.7300 default=0.0000
[debug] plugin-state project track track-1 watched: Osc1 Wavefold Amount idx=12 value=0.6100 default=0.0000
[debug] plugin-state project track track-1 non-default: Osc1 Carrier Wave idx=0 value=1.0000 default=0.0000
[debug] plugin-state project track track-1 non-default: Osc1 Mod Amount idx=7 value=0.7300 default=0.0000
[debug] plugin-state project track track-1 non-default: Osc1 Wavefold Amount idx=12 value=0.6100 default=0.0000
[debug] plugin-state project track track-1 non-default: Mod Slot 28 Source idx=191 value=0.5000 default=0.0000
[debug] plugin-state project track track-1 non-default: Mod Slot 29 Source idx=195 value=0.6000 default=0.0000
[debug] plugin-state project track track-1 non-default: Mod Slot 30 Source idx=199 value=0.8000 default=0.0000
[debug] plugin-state project track track-1 non-default: Mod Slot 31 Source idx=203 value=0.7000 default=0.0000
[debug] plugin-state project track track-1 non-default: Mod Slot 32 Source idx=207 value=0.9000 default=0.0000
[debug] trace: app startProjectPlayback begin
[debug] plugin-state event: app startProjectPlayback begin
[debug] plugin-state project track track-1: Synthesizer params=2348 nonDefault=8
[debug] plugin-state project track track-1 watched: Osc1 Carrier Wave idx=0 value=1.0000 default=0.0000
[debug] plugin-state project track track-1 watched: Osc1 Mod Amount idx=7 value=0.7300 default=0.0000
[debug] plugin-state project track track-1 watched: Osc1 Wavefold Amount idx=12 value=0.6100 default=0.0000
[debug] plugin-state project track track-1 non-default: Osc1 Carrier Wave idx=0 value=1.0000 default=0.0000
[debug] plugin-state project track track-1 non-default: Osc1 Mod Amount idx=7 value=0.7300 default=0.0000
[debug] plugin-state project track track-1 non-default: Osc1 Wavefold Amount idx=12 value=0.6100 default=0.0000
[debug] plugin-state project track track-1 non-default: Mod Slot 28 Source idx=191 value=0.5000 default=0.0000
[debug] plugin-state project track track-1 non-default: Mod Slot 29 Source idx=195 value=0.6000 default=0.0000
[debug] plugin-state project track track-1 non-default: Mod Slot 30 Source idx=199 value=0.8000 default=0.0000
[debug] plugin-state project track track-1 non-default: Mod Slot 31 Source idx=203 value=0.7000 default=0.0000
[debug] plugin-state project track track-1 non-default: Mod Slot 32 Source idx=207 value=0.9000 default=0.0000
[info] Project playback started
[debug] trace: app startProjectPlayback end
[debug] plugin-state event: app startProjectPlayback end
[debug] plugin-state project track track-1: Synthesizer params=2348 nonDefault=8
[debug] plugin-state project track track-1 watched: Osc1 Carrier Wave idx=0 value=1.0000 default=0.0000
[debug] plugin-state project track track-1 watched: Osc1 Mod Amount idx=7 value=0.7300 default=0.0000
[debug] plugin-state project track track-1 watched: Osc1 Wavefold Amount idx=12 value=0.6100 default=0.0000
[debug] plugin-state project track track-1 non-default: Osc1 Carrier Wave idx=0 value=1.0000 default=0.0000
[debug] plugin-state project track track-1 non-default: Osc1 Mod Amount idx=7 value=0.7300 default=0.0000
[debug] plugin-state project track track-1 non-default: Osc1 Wavefold Amount idx=12 value=0.6100 default=0.0000
[debug] plugin-state project track track-1 non-default: Mod Slot 28 Source idx=191 value=0.5000 default=0.0000
[debug] plugin-state project track track-1 non-default: Mod Slot 29 Source idx=195 value=0.6000 default=0.0000
[debug] plugin-state project track track-1 non-default: Mod Slot 30 Source idx=199 value=0.8000 default=0.0000
[debug] plugin-state project track track-1 non-default: Mod Slot 31 Source idx=203 value=0.7000 default=0.0000
[debug] plugin-state project track track-1 non-default: Mod Slot 32 Source idx=207 value=0.9000 default=0.0000
Cleaning up temp files..
===============================================================================
All tests passed (93 assertions in 1 test case)

<end of output>
Test time =  13.81 sec
----------------------------------------------------------
Test Passed.
"tsq_engine_integration_tests" end time: Jun 08 21:20 PDT
"tsq_engine_integration_tests" time elapsed: 00:00:13
----------------------------------------------------------

2/2 Testing: tsq_engine_integration_tests
2/2 Test: tsq_engine_integration_tests
Command: "/Users/dawneweisman/Dev/Theory/out/build/debug/tests/tsq_engine_integration_tests"
Directory: /Users/dawneweisman/Dev/Theory/out/build/debug/tests
"tsq_engine_integration_tests" start time: Jun 08 21:20 PDT
Output:
----------------------------------------------------------
JUCE v8.0.13
Randomness seeded to: 765608947
[info] Diagnostics log: /Users/dawneweisman/Library/Application Support/TheorySequencer/diagnostics.log
[info] App started
[info] Build type: Debug
[info] Platform: macOS
[info] App settings file: /Users/dawneweisman/Library/Application Support/TheorySequencer/app-settings.xml
[info] Plugin registry cache: /Users/dawneweisman/Library/Application Support/TheorySequencer/plugin-registry.xml
[info] VST3 search paths: /Users/dawneweisman/Library/Audio/Plug-Ins/VST3;/Library/Audio/Plug-Ins/VST3
[info] Default project: 120 BPM, 4/4, C Major
[info] Plugin registry loaded: 7 entries
Settings file: /Users/dawneweisman/Library/TheorySequencer/Settings.xml
Audio block size: 512  Rate: 48000
Creating Default Controllers...
JUCE Assertion failure in juce_AudioPluginFormatManager.cpp:79
Edit loaded in: 4 ms
[info] Playback engine initialized: Tracktion Engine v3.1.0
Rebuilding Wave Device List...
Wave Out: Output 1 + 2 (enabled): 0 (L), 1 (R)
Default Wave Out: Output 1 + 2
Default MIDI Out: 
Default Wave In: 
Default MIDI In: 
[info] Audio output restored: CoreAudio: Built-in Output
[debug] trace: app markPlaybackProjectDirty begin
[debug] plugin-state event: app markPlaybackProjectDirty begin
[debug] plugin-state: no loaded/project instrument
[debug] trace: app restoreObservedPluginParameterStateSoon begin
[debug] plugin-state event: app restoreObservedPluginParameterStateSoon begin
[debug] plugin-state: no loaded/project instrument
[debug] trace: app restoreObservedPluginParameterStateSoon end
[debug] plugin-state event: app restoreObservedPluginParameterStateSoon end
[debug] plugin-state: no loaded/project instrument
[debug] trace: app markPlaybackProjectDirty end
[debug] plugin-state event: app markPlaybackProjectDirty end
[debug] plugin-state: no loaded/project instrument
[info] Assigned instrument to track: Synthesizer
[debug] trace: app syncPlaybackProjectIfNeeded begin
[debug] plugin-state event: app syncPlaybackProjectIfNeeded begin
[debug] plugin-state: no loaded/project instrument
Edit loaded in: 3 ms
[info] Project playback synced: Project synced with full edit rebuild
[debug] trace: app syncPlaybackProjectIfNeeded end
[debug] plugin-state event: app syncPlaybackProjectIfNeeded end
[debug] plugin-state project track track-1: Synthesizer params=2348 nonDefault=5
[debug] plugin-state project track track-1 watched: Osc1 Carrier Wave idx=0 value=0.0000 default=0.0000
[debug] plugin-state project track track-1 watched: Osc1 Mod Amount idx=7 value=0.0000 default=0.0000
[debug] plugin-state project track track-1 watched: Osc1 Wavefold Amount idx=12 value=0.0000 default=0.0000
[debug] plugin-state project track track-1 non-default: Mod Slot 28 Source idx=191 value=0.5000 default=0.0000
[debug] plugin-state project track track-1 non-default: Mod Slot 29 Source idx=195 value=0.6000 default=0.0000
[debug] plugin-state project track track-1 non-default: Mod Slot 30 Source idx=199 value=0.8000 default=0.0000
[debug] plugin-state project track track-1 non-default: Mod Slot 31 Source idx=203 value=0.7000 default=0.0000
[debug] plugin-state project track track-1 non-default: Mod Slot 32 Source idx=207 value=0.9000 default=0.0000
[debug] trace: app markPlaybackProjectDirty begin
[debug] plugin-state event: app markPlaybackProjectDirty begin
[debug] plugin-state project track track-1: Synthesizer params=2348 nonDefault=8
[debug] plugin-state project track track-1 watched: Osc1 Carrier Wave idx=0 value=1.0000 default=0.0000
[debug] plugin-state project track track-1 watched: Osc1 Mod Amount idx=7 value=0.7300 default=0.0000
[debug] plugin-state project track track-1 watched: Osc1 Wavefold Amount idx=12 value=0.6100 default=0.0000
[debug] plugin-state project track track-1 non-default: Osc1 Carrier Wave idx=0 value=1.0000 default=0.0000
[debug] plugin-state project track track-1 non-default: Osc1 Mod Amount idx=7 value=0.7300 default=0.0000
[debug] plugin-state project track track-1 non-default: Osc1 Wavefold Amount idx=12 value=0.6100 default=0.0000
[debug] plugin-state project track track-1 non-default: Mod Slot 28 Source idx=191 value=0.5000 default=0.0000
[debug] plugin-state project track track-1 non-default: Mod Slot 29 Source idx=195 value=0.6000 default=0.0000
[debug] plugin-state project track track-1 non-default: Mod Slot 30 Source idx=199 value=0.8000 default=0.0000
[debug] plugin-state project track track-1 non-default: Mod Slot 31 Source idx=203 value=0.7000 default=0.0000
[debug] plugin-state project track track-1 non-default: Mod Slot 32 Source idx=207 value=0.9000 default=0.0000
[debug] trace: app restoreObservedPluginParameterStateSoon begin
[debug] plugin-state event: app restoreObservedPluginParameterStateSoon begin
[debug] plugin-state project track track-1: Synthesizer params=2348 nonDefault=8
[debug] plugin-state project track track-1 watched: Osc1 Carrier Wave idx=0 value=1.0000 default=0.0000
[debug] plugin-state project track track-1 watched: Osc1 Mod Amount idx=7 value=0.7300 default=0.0000
[debug] plugin-state project track track-1 watched: Osc1 Wavefold Amount idx=12 value=0.6100 default=0.0000
[debug] plugin-state project track track-1 non-default: Osc1 Carrier Wave idx=0 value=1.0000 default=0.0000
[debug] plugin-state project track track-1 non-default: Osc1 Mod Amount idx=7 value=0.7300 default=0.0000
[debug] plugin-state project track track-1 non-default: Osc1 Wavefold Amount idx=12 value=0.6100 default=0.0000
[debug] plugin-state project track track-1 non-default: Mod Slot 28 Source idx=191 value=0.5000 default=0.0000
[debug] plugin-state project track track-1 non-default: Mod Slot 29 Source idx=195 value=0.6000 default=0.0000
[debug] plugin-state project track track-1 non-default: Mod Slot 30 Source idx=199 value=0.8000 default=0.0000
[debug] plugin-state project track track-1 non-default: Mod Slot 31 Source idx=203 value=0.7000 default=0.0000
[debug] plugin-state project track track-1 non-default: Mod Slot 32 Source idx=207 value=0.9000 default=0.0000
[debug] trace: app restoreObservedPluginParameterStateSoon end
[debug] plugin-state event: app restoreObservedPluginParameterStateSoon end
[debug] plugin-state project track track-1: Synthesizer params=2348 nonDefault=8
[debug] plugin-state project track track-1 watched: Osc1 Carrier Wave idx=0 value=1.0000 default=0.0000
[debug] plugin-state project track track-1 watched: Osc1 Mod Amount idx=7 value=0.7300 default=0.0000
[debug] plugin-state project track track-1 watched: Osc1 Wavefold Amount idx=12 value=0.6100 default=0.0000
[debug] plugin-state project track track-1 non-default: Osc1 Carrier Wave idx=0 value=1.0000 default=0.0000
[debug] plugin-state project track track-1 non-default: Osc1 Mod Amount idx=7 value=0.7300 default=0.0000
[debug] plugin-state project track track-1 non-default: Osc1 Wavefold Amount idx=12 value=0.6100 default=0.0000
[debug] plugin-state project track track-1 non-default: Mod Slot 28 Source idx=191 value=0.5000 default=0.0000
[debug] plugin-state project track track-1 non-default: Mod Slot 29 Source idx=195 value=0.6000 default=0.0000
[debug] plugin-state project track track-1 non-default: Mod Slot 30 Source idx=199 value=0.8000 default=0.0000
[debug] plugin-state project track track-1 non-default: Mod Slot 31 Source idx=203 value=0.7000 default=0.0000
[debug] plugin-state project track track-1 non-default: Mod Slot 32 Source idx=207 value=0.9000 default=0.0000
[debug] trace: app markPlaybackProjectDirty end
[debug] plugin-state event: app markPlaybackProjectDirty end
[debug] plugin-state project track track-1: Synthesizer params=2348 nonDefault=8
[debug] plugin-state project track track-1 watched: Osc1 Carrier Wave idx=0 value=1.0000 default=0.0000
[debug] plugin-state project track track-1 watched: Osc1 Mod Amount idx=7 value=0.7300 default=0.0000
[debug] plugin-state project track track-1 watched: Osc1 Wavefold Amount idx=12 value=0.6100 default=0.0000
[debug] plugin-state project track track-1 non-default: Osc1 Carrier Wave idx=0 value=1.0000 default=0.0000
[debug] plugin-state project track track-1 non-default: Osc1 Mod Amount idx=7 value=0.7300 default=0.0000
[debug] plugin-state project track track-1 non-default: Osc1 Wavefold Amount idx=12 value=0.6100 default=0.0000
[debug] plugin-state project track track-1 non-default: Mod Slot 28 Source idx=191 value=0.5000 default=0.0000
[debug] plugin-state project track track-1 non-default: Mod Slot 29 Source idx=195 value=0.6000 default=0.0000
[debug] plugin-state project track track-1 non-default: Mod Slot 30 Source idx=199 value=0.8000 default=0.0000
[debug] plugin-state project track track-1 non-default: Mod Slot 31 Source idx=203 value=0.7000 default=0.0000
[debug] plugin-state project track track-1 non-default: Mod Slot 32 Source idx=207 value=0.9000 default=0.0000
[debug] trace: piano-roll mouseDown begin x=80 y=33
[debug] plugin-state event: piano-roll mouseDown begin x=80 y=33
[debug] plugin-state project track track-1: Synthesizer params=2348 nonDefault=8
[debug] plugin-state project track track-1 watched: Osc1 Carrier Wave idx=0 value=1.0000 default=0.0000
[debug] plugin-state project track track-1 watched: Osc1 Mod Amount idx=7 value=0.7300 default=0.0000
[debug] plugin-state project track track-1 watched: Osc1 Wavefold Amount idx=12 value=0.6100 default=0.0000
[debug] plugin-state project track track-1 non-default: Osc1 Carrier Wave idx=0 value=1.0000 default=0.0000
[debug] plugin-state project track track-1 non-default: Osc1 Mod Amount idx=7 value=0.7300 default=0.0000
[debug] plugin-state project track track-1 non-default: Osc1 Wavefold Amount idx=12 value=0.6100 default=0.0000
[debug] plugin-state project track track-1 non-default: Mod Slot 28 Source idx=191 value=0.5000 default=0.0000
[debug] plugin-state project track track-1 non-default: Mod Slot 29 Source idx=195 value=0.6000 default=0.0000
[debug] plugin-state project track track-1 non-default: Mod Slot 30 Source idx=199 value=0.8000 default=0.0000
[debug] plugin-state project track track-1 non-default: Mod Slot 31 Source idx=203 value=0.7000 default=0.0000
[debug] plugin-state project track track-1 non-default: Mod Slot 32 Source idx=207 value=0.9000 default=0.0000
[debug] trace: app restoreObservedPluginParameterStateSoon begin
[debug] plugin-state event: app restoreObservedPluginParameterStateSoon begin
[debug] plugin-state project track track-1: Synthesizer params=2348 nonDefault=8
[debug] plugin-state project track track-1 watched: Osc1 Carrier Wave idx=0 value=1.0000 default=0.0000
[debug] plugin-state project track track-1 watched: Osc1 Mod Amount idx=7 value=0.7300 default=0.0000
[debug] plugin-state project track track-1 watched: Osc1 Wavefold Amount idx=12 value=0.6100 default=0.0000
[debug] plugin-state project track track-1 non-default: Osc1 Carrier Wave idx=0 value=1.0000 default=0.0000
[debug] plugin-state project track track-1 non-default: Osc1 Mod Amount idx=7 value=0.7300 default=0.0000
[debug] plugin-state project track track-1 non-default: Osc1 Wavefold Amount idx=12 value=0.6100 default=0.0000
[debug] plugin-state project track track-1 non-default: Mod Slot 28 Source idx=191 value=0.5000 default=0.0000
[debug] plugin-state project track track-1 non-default: Mod Slot 29 Source idx=195 value=0.6000 default=0.0000
[debug] plugin-state project track track-1 non-default: Mod Slot 30 Source idx=199 value=0.8000 default=0.0000
[debug] plugin-state project track track-1 non-default: Mod Slot 31 Source idx=203 value=0.7000 default=0.0000
[debug] plugin-state project track track-1 non-default: Mod Slot 32 Source idx=207 value=0.9000 default=0.0000
[debug] trace: app restoreObservedPluginParameterStateSoon end
[debug] plugin-state event: app restoreObservedPluginParameterStateSoon end
[debug] plugin-state project track track-1: Synthesizer params=2348 nonDefault=8
[debug] plugin-state project track track-1 watched: Osc1 Carrier Wave idx=0 value=1.0000 default=0.0000
[debug] plugin-state project track track-1 watched: Osc1 Mod Amount idx=7 value=0.7300 default=0.0000
[debug] plugin-state project track track-1 watched: Osc1 Wavefold Amount idx=12 value=0.6100 default=0.0000
[debug] plugin-state project track track-1 non-default: Osc1 Carrier Wave idx=0 value=1.0000 default=0.0000
[debug] plugin-state project track track-1 non-default: Osc1 Mod Amount idx=7 value=0.7300 default=0.0000
[debug] plugin-state project track track-1 non-default: Osc1 Wavefold Amount idx=12 value=0.6100 default=0.0000
[debug] plugin-state project track track-1 non-default: Mod Slot 28 Source idx=191 value=0.5000 default=0.0000
[debug] plugin-state project track track-1 non-default: Mod Slot 29 Source idx=195 value=0.6000 default=0.0000
[debug] plugin-state project track track-1 non-default: Mod Slot 30 Source idx=199 value=0.8000 default=0.0000
[debug] plugin-state project track track-1 non-default: Mod Slot 31 Source idx=203 value=0.7000 default=0.0000
[debug] plugin-state project track track-1 non-default: Mod Slot 32 Source idx=207 value=0.9000 default=0.0000
[debug] trace: piano-roll mouseDown end
[debug] plugin-state event: piano-roll mouseDown end
[debug] plugin-state project track track-1: Synthesizer params=2348 nonDefault=8
[debug] plugin-state project track track-1 watched: Osc1 Carrier Wave idx=0 value=1.0000 default=0.0000
[debug] plugin-state project track track-1 watched: Osc1 Mod Amount idx=7 value=0.7300 default=0.0000
[debug] plugin-state project track track-1 watched: Osc1 Wavefold Amount idx=12 value=0.6100 default=0.0000
[debug] plugin-state project track track-1 non-default: Osc1 Carrier Wave idx=0 value=1.0000 default=0.0000
[debug] plugin-state project track track-1 non-default: Osc1 Mod Amount idx=7 value=0.7300 default=0.0000
[debug] plugin-state project track track-1 non-default: Osc1 Wavefold Amount idx=12 value=0.6100 default=0.0000
[debug] plugin-state project track track-1 non-default: Mod Slot 28 Source idx=191 value=0.5000 default=0.0000
[debug] plugin-state project track track-1 non-default: Mod Slot 29 Source idx=195 value=0.6000 default=0.0000
[debug] plugin-state project track track-1 non-default: Mod Slot 30 Source idx=199 value=0.8000 default=0.0000
[debug] plugin-state project track track-1 non-default: Mod Slot 31 Source idx=203 value=0.7000 default=0.0000
[debug] plugin-state project track track-1 non-default: Mod Slot 32 Source idx=207 value=0.9000 default=0.0000
[debug] trace: piano-roll mouseDown begin x=80 y=33
[debug] plugin-state event: piano-roll mouseDown begin x=80 y=33
[debug] plugin-state project track track-1: Synthesizer params=2348 nonDefault=8
[debug] plugin-state project track track-1 watched: Osc1 Carrier Wave idx=0 value=1.0000 default=0.0000
[debug] plugin-state project track track-1 watched: Osc1 Mod Amount idx=7 value=0.7300 default=0.0000
[debug] plugin-state project track track-1 watched: Osc1 Wavefold Amount idx=12 value=0.6100 default=0.0000
[debug] plugin-state project track track-1 non-default: Osc1 Carrier Wave idx=0 value=1.0000 default=0.0000
[debug] plugin-state project track track-1 non-default: Osc1 Mod Amount idx=7 value=0.7300 default=0.0000
[debug] plugin-state project track track-1 non-default: Osc1 Wavefold Amount idx=12 value=0.6100 default=0.0000
[debug] plugin-state project track track-1 non-default: Mod Slot 28 Source idx=191 value=0.5000 default=0.0000
[debug] plugin-state project track track-1 non-default: Mod Slot 29 Source idx=195 value=0.6000 default=0.0000
[debug] plugin-state project track track-1 non-default: Mod Slot 30 Source idx=199 value=0.8000 default=0.0000
[debug] plugin-state project track track-1 non-default: Mod Slot 31 Source idx=203 value=0.7000 default=0.0000
[debug] plugin-state project track track-1 non-default: Mod Slot 32 Source idx=207 value=0.9000 default=0.0000
[debug] trace: app restoreObservedPluginParameterStateSoon begin
[debug] plugin-state event: app restoreObservedPluginParameterStateSoon begin
[debug] plugin-state project track track-1: Synthesizer params=2348 nonDefault=8
[debug] plugin-state project track track-1 watched: Osc1 Carrier Wave idx=0 value=1.0000 default=0.0000
[debug] plugin-state project track track-1 watched: Osc1 Mod Amount idx=7 value=0.7300 default=0.0000
[debug] plugin-state project track track-1 watched: Osc1 Wavefold Amount idx=12 value=0.6100 default=0.0000
[debug] plugin-state project track track-1 non-default: Osc1 Carrier Wave idx=0 value=1.0000 default=0.0000
[debug] plugin-state project track track-1 non-default: Osc1 Mod Amount idx=7 value=0.7300 default=0.0000
[debug] plugin-state project track track-1 non-default: Osc1 Wavefold Amount idx=12 value=0.6100 default=0.0000
[debug] plugin-state project track track-1 non-default: Mod Slot 28 Source idx=191 value=0.5000 default=0.0000
[debug] plugin-state project track track-1 non-default: Mod Slot 29 Source idx=195 value=0.6000 default=0.0000
[debug] plugin-state project track track-1 non-default: Mod Slot 30 Source idx=199 value=0.8000 default=0.0000
[debug] plugin-state project track track-1 non-default: Mod Slot 31 Source idx=203 value=0.7000 default=0.0000
[debug] plugin-state project track track-1 non-default: Mod Slot 32 Source idx=207 value=0.9000 default=0.0000
[debug] trace: app restoreObservedPluginParameterStateSoon end
[debug] plugin-state event: app restoreObservedPluginParameterStateSoon end
[debug] plugin-state project track track-1: Synthesizer params=2348 nonDefault=8
[debug] plugin-state project track track-1 watched: Osc1 Carrier Wave idx=0 value=1.0000 default=0.0000
[debug] plugin-state project track track-1 watched: Osc1 Mod Amount idx=7 value=0.7300 default=0.0000
[debug] plugin-state project track track-1 watched: Osc1 Wavefold Amount idx=12 value=0.6100 default=0.0000
[debug] plugin-state project track track-1 non-default: Osc1 Carrier Wave idx=0 value=1.0000 default=0.0000
[debug] plugin-state project track track-1 non-default: Osc1 Mod Amount idx=7 value=0.7300 default=0.0000
[debug] plugin-state project track track-1 non-default: Osc1 Wavefold Amount idx=12 value=0.6100 default=0.0000
[debug] plugin-state project track track-1 non-default: Mod Slot 28 Source idx=191 value=0.5000 default=0.0000
[debug] plugin-state project track track-1 non-default: Mod Slot 29 Source idx=195 value=0.6000 default=0.0000
[debug] plugin-state project track track-1 non-default: Mod Slot 30 Source idx=199 value=0.8000 default=0.0000
[debug] plugin-state project track track-1 non-default: Mod Slot 31 Source idx=203 value=0.7000 default=0.0000
[debug] plugin-state project track track-1 non-default: Mod Slot 32 Source idx=207 value=0.9000 default=0.0000
[debug] trace: piano-roll mouseDown end
[debug] plugin-state event: piano-roll mouseDown end
[debug] plugin-state project track track-1: Synthesizer params=2348 nonDefault=8
[debug] plugin-state project track track-1 watched: Osc1 Carrier Wave idx=0 value=1.0000 default=0.0000
[debug] plugin-state project track track-1 watched: Osc1 Mod Amount idx=7 value=0.7300 default=0.0000
[debug] plugin-state project track track-1 watched: Osc1 Wavefold Amount idx=12 value=0.6100 default=0.0000
[debug] plugin-state project track track-1 non-default: Osc1 Carrier Wave idx=0 value=1.0000 default=0.0000
[debug] plugin-state project track track-1 non-default: Osc1 Mod Amount idx=7 value=0.7300 default=0.0000
[debug] plugin-state project track track-1 non-default: Osc1 Wavefold Amount idx=12 value=0.6100 default=0.0000
[debug] plugin-state project track track-1 non-default: Mod Slot 28 Source idx=191 value=0.5000 default=0.0000
[debug] plugin-state project track track-1 non-default: Mod Slot 29 Source idx=195 value=0.6000 default=0.0000
[debug] plugin-state project track track-1 non-default: Mod Slot 30 Source idx=199 value=0.8000 default=0.0000
[debug] plugin-state project track track-1 non-default: Mod Slot 31 Source idx=203 value=0.7000 default=0.0000
[debug] plugin-state project track track-1 non-default: Mod Slot 32 Source idx=207 value=0.9000 default=0.0000
[debug] trace: piano-roll mouseDoubleClick begin x=80 y=33
[debug] plugin-state event: piano-roll mouseDoubleClick begin x=80 y=33
[debug] plugin-state project track track-1: Synthesizer params=2348 nonDefault=8
[debug] plugin-state project track track-1 watched: Osc1 Carrier Wave idx=0 value=1.0000 default=0.0000
[debug] plugin-state project track track-1 watched: Osc1 Mod Amount idx=7 value=0.7300 default=0.0000
[debug] plugin-state project track track-1 watched: Osc1 Wavefold Amount idx=12 value=0.6100 default=0.0000
[debug] plugin-state project track track-1 non-default: Osc1 Carrier Wave idx=0 value=1.0000 default=0.0000
[debug] plugin-state project track track-1 non-default: Osc1 Mod Amount idx=7 value=0.7300 default=0.0000
[debug] plugin-state project track track-1 non-default: Osc1 Wavefold Amount idx=12 value=0.6100 default=0.0000
[debug] plugin-state project track track-1 non-default: Mod Slot 28 Source idx=191 value=0.5000 default=0.0000
[debug] plugin-state project track track-1 non-default: Mod Slot 29 Source idx=195 value=0.6000 default=0.0000
[debug] plugin-state project track track-1 non-default: Mod Slot 30 Source idx=199 value=0.8000 default=0.0000
[debug] plugin-state project track track-1 non-default: Mod Slot 31 Source idx=203 value=0.7000 default=0.0000
[debug] plugin-state project track track-1 non-default: Mod Slot 32 Source idx=207 value=0.9000 default=0.0000
[debug] trace: app restoreObservedPluginParameterStateSoon begin
[debug] plugin-state event: app restoreObservedPluginParameterStateSoon begin
[debug] plugin-state project track track-1: Synthesizer params=2348 nonDefault=8
[debug] plugin-state project track track-1 watched: Osc1 Carrier Wave idx=0 value=1.0000 default=0.0000
[debug] plugin-state project track track-1 watched: Osc1 Mod Amount idx=7 value=0.7300 default=0.0000
[debug] plugin-state project track track-1 watched: Osc1 Wavefold Amount idx=12 value=0.6100 default=0.0000
[debug] plugin-state project track track-1 non-default: Osc1 Carrier Wave idx=0 value=1.0000 default=0.0000
[debug] plugin-state project track track-1 non-default: Osc1 Mod Amount idx=7 value=0.7300 default=0.0000
[debug] plugin-state project track track-1 non-default: Osc1 Wavefold Amount idx=12 value=0.6100 default=0.0000
[debug] plugin-state project track track-1 non-default: Mod Slot 28 Source idx=191 value=0.5000 default=0.0000
[debug] plugin-state project track track-1 non-default: Mod Slot 29 Source idx=195 value=0.6000 default=0.0000
[debug] plugin-state project track track-1 non-default: Mod Slot 30 Source idx=199 value=0.8000 default=0.0000
[debug] plugin-state project track track-1 non-default: Mod Slot 31 Source idx=203 value=0.7000 default=0.0000
[debug] plugin-state project track track-1 non-default: Mod Slot 32 Source idx=207 value=0.9000 default=0.0000
[debug] trace: app restoreObservedPluginParameterStateSoon end
[debug] plugin-state event: app restoreObservedPluginParameterStateSoon end
[debug] plugin-state project track track-1: Synthesizer params=2348 nonDefault=8
[debug] plugin-state project track track-1 watched: Osc1 Carrier Wave idx=0 value=1.0000 default=0.0000
[debug] plugin-state project track track-1 watched: Osc1 Mod Amount idx=7 value=0.7300 default=0.0000
[debug] plugin-state project track track-1 watched: Osc1 Wavefold Amount idx=12 value=0.6100 default=0.0000
[debug] plugin-state project track track-1 non-default: Osc1 Carrier Wave idx=0 value=1.0000 default=0.0000
[debug] plugin-state project track track-1 non-default: Osc1 Mod Amount idx=7 value=0.7300 default=0.0000
[debug] plugin-state project track track-1 non-default: Osc1 Wavefold Amount idx=12 value=0.6100 default=0.0000
[debug] plugin-state project track track-1 non-default: Mod Slot 28 Source idx=191 value=0.5000 default=0.0000
[debug] plugin-state project track track-1 non-default: Mod Slot 29 Source idx=195 value=0.6000 default=0.0000
[debug] plugin-state project track track-1 non-default: Mod Slot 30 Source idx=199 value=0.8000 default=0.0000
[debug] plugin-state project track track-1 non-default: Mod Slot 31 Source idx=203 value=0.7000 default=0.0000
[debug] plugin-state project track track-1 non-default: Mod Slot 32 Source idx=207 value=0.9000 default=0.0000
[debug] trace: piano-roll command begin: Add Note
[debug] plugin-state event: piano-roll command begin: Add Note
[debug] plugin-state project track track-1: Synthesizer params=2348 nonDefault=8
[debug] plugin-state project track track-1 watched: Osc1 Carrier Wave idx=0 value=1.0000 default=0.0000
[debug] plugin-state project track track-1 watched: Osc1 Mod Amount idx=7 value=0.7300 default=0.0000
[debug] plugin-state project track track-1 watched: Osc1 Wavefold Amount idx=12 value=0.6100 default=0.0000
[debug] plugin-state project track track-1 non-default: Osc1 Carrier Wave idx=0 value=1.0000 default=0.0000
[debug] plugin-state project track track-1 non-default: Osc1 Mod Amount idx=7 value=0.7300 default=0.0000
[debug] plugin-state project track track-1 non-default: Osc1 Wavefold Amount idx=12 value=0.6100 default=0.0000
[debug] plugin-state project track track-1 non-default: Mod Slot 28 Source idx=191 value=0.5000 default=0.0000
[debug] plugin-state project track track-1 non-default: Mod Slot 29 Source idx=195 value=0.6000 default=0.0000
[debug] plugin-state project track track-1 non-default: Mod Slot 30 Source idx=199 value=0.8000 default=0.0000
[debug] plugin-state project track track-1 non-default: Mod Slot 31 Source idx=203 value=0.7000 default=0.0000
[debug] plugin-state project track track-1 non-default: Mod Slot 32 Source idx=207 value=0.9000 default=0.0000
[debug] trace: app markPlaybackProjectDirty begin
[debug] plugin-state event: app markPlaybackProjectDirty begin
[debug] plugin-state project track track-1: Synthesizer params=2348 nonDefault=8
[debug] plugin-state project track track-1 watched: Osc1 Carrier Wave idx=0 value=1.0000 default=0.0000
[debug] plugin-state project track track-1 watched: Osc1 Mod Amount idx=7 value=0.7300 default=0.0000
[debug] plugin-state project track track-1 watched: Osc1 Wavefold Amount idx=12 value=0.6100 default=0.0000
[debug] plugin-state project track track-1 non-default: Osc1 Carrier Wave idx=0 value=1.0000 default=0.0000
[debug] plugin-state project track track-1 non-default: Osc1 Mod Amount idx=7 value=0.7300 default=0.0000
[debug] plugin-state project track track-1 non-default: Osc1 Wavefold Amount idx=12 value=0.6100 default=0.0000
[debug] plugin-state project track track-1 non-default: Mod Slot 28 Source idx=191 value=0.5000 default=0.0000
[debug] plugin-state project track track-1 non-default: Mod Slot 29 Source idx=195 value=0.6000 default=0.0000
[debug] plugin-state project track track-1 non-default: Mod Slot 30 Source idx=199 value=0.8000 default=0.0000
[debug] plugin-state project track track-1 non-default: Mod Slot 31 Source idx=203 value=0.7000 default=0.0000
[debug] plugin-state project track track-1 non-default: Mod Slot 32 Source idx=207 value=0.9000 default=0.0000
[debug] trace: app restoreObservedPluginParameterStateSoon begin
[debug] plugin-state event: app restoreObservedPluginParameterStateSoon begin
[debug] plugin-state project track track-1: Synthesizer params=2348 nonDefault=8
[debug] plugin-state project track track-1 watched: Osc1 Carrier Wave idx=0 value=1.0000 default=0.0000
[debug] plugin-state project track track-1 watched: Osc1 Mod Amount idx=7 value=0.7300 default=0.0000
[debug] plugin-state project track track-1 watched: Osc1 Wavefold Amount idx=12 value=0.6100 default=0.0000
[debug] plugin-state project track track-1 non-default: Osc1 Carrier Wave idx=0 value=1.0000 default=0.0000
[...]
[debug] plugin-state project track track-1 watched: Osc1 Mod Amount idx=7 value=0.7300 default=0.0000
[debug] plugin-state project track track-1 watched: Osc1 Wavefold Amount idx=12 value=0.6100 default=0.0000
[debug] plugin-state project track track-1 non-default: Osc1 Carrier Wave idx=0 value=1.0000 default=0.0000
[debug] plugin-state project track track-1 non-default: Osc1 Mod Amount idx=7 value=0.7300 default=0.0000
[debug] plugin-state project track track-1 non-default: Osc1 Wavefold Amount idx=12 value=0.6100 default=0.0000
[debug] plugin-state project track track-1 non-default: Mod Slot 28 Source idx=191 value=0.5000 default=0.0000
[debug] plugin-state project track track-1 non-default: Mod Slot 29 Source idx=195 value=0.6000 default=0.0000
[debug] plugin-state project track track-1 non-default: Mod Slot 30 Source idx=199 value=0.8000 default=0.0000
[debug] plugin-state project track track-1 non-default: Mod Slot 31 Source idx=203 value=0.7000 default=0.0000
[debug] plugin-state project track track-1 non-default: Mod Slot 32 Source idx=207 value=0.9000 default=0.0000
[debug] trace: app restoreObservedPluginParameterStateSoon end
[debug] plugin-state event: app restoreObservedPluginParameterStateSoon end
[debug] plugin-state project track track-1: Synthesizer params=2348 nonDefault=8
[debug] plugin-state project track track-1 watched: Osc1 Carrier Wave idx=0 value=1.0000 default=0.0000
[debug] plugin-state project track track-1 watched: Osc1 Mod Amount idx=7 value=0.7300 default=0.0000
[debug] plugin-state project track track-1 watched: Osc1 Wavefold Amount idx=12 value=0.6100 default=0.0000
[debug] plugin-state project track track-1 non-default: Osc1 Carrier Wave idx=0 value=1.0000 default=0.0000
[debug] plugin-state project track track-1 non-default: Osc1 Mod Amount idx=7 value=0.7300 default=0.0000
[debug] plugin-state project track track-1 non-default: Osc1 Wavefold Amount idx=12 value=0.6100 default=0.0000
[debug] plugin-state project track track-1 non-default: Mod Slot 28 Source idx=191 value=0.5000 default=0.0000
[debug] plugin-state project track track-1 non-default: Mod Slot 29 Source idx=195 value=0.6000 default=0.0000
[debug] plugin-state project track track-1 non-default: Mod Slot 30 Source idx=199 value=0.8000 default=0.0000
[debug] plugin-state project track track-1 non-default: Mod Slot 31 Source idx=203 value=0.7000 default=0.0000
[debug] plugin-state project track track-1 non-default: Mod Slot 32 Source idx=207 value=0.9000 default=0.0000
[debug] trace: piano-roll command end: Add Note
[debug] plugin-state event: piano-roll command end: Add Note
[debug] plugin-state project track track-1: Synthesizer params=2348 nonDefault=8
[debug] plugin-state project track track-1 watched: Osc1 Carrier Wave idx=0 value=1.0000 default=0.0000
[debug] plugin-state project track track-1 watched: Osc1 Mod Amount idx=7 value=0.7300 default=0.0000
[debug] plugin-state project track track-1 watched: Osc1 Wavefold Amount idx=12 value=0.6100 default=0.0000
[debug] plugin-state project track track-1 non-default: Osc1 Carrier Wave idx=0 value=1.0000 default=0.0000
[debug] plugin-state project track track-1 non-default: Osc1 Mod Amount idx=7 value=0.7300 default=0.0000
[debug] plugin-state project track track-1 non-default: Osc1 Wavefold Amount idx=12 value=0.6100 default=0.0000
[debug] plugin-state project track track-1 non-default: Mod Slot 28 Source idx=191 value=0.5000 default=0.0000
[debug] plugin-state project track track-1 non-default: Mod Slot 29 Source idx=195 value=0.6000 default=0.0000
[debug] plugin-state project track track-1 non-default: Mod Slot 30 Source idx=199 value=0.8000 default=0.0000
[debug] plugin-state project track track-1 non-default: Mod Slot 31 Source idx=203 value=0.7000 default=0.0000
[debug] plugin-state project track track-1 non-default: Mod Slot 32 Source idx=207 value=0.9000 default=0.0000
[debug] trace: piano-roll mouseDoubleClick end
[debug] plugin-state event: piano-roll mouseDoubleClick end
[debug] plugin-state project track track-1: Synthesizer params=2348 nonDefault=8
[debug] plugin-state project track track-1 watched: Osc1 Carrier Wave idx=0 value=1.0000 default=0.0000
[debug] plugin-state project track track-1 watched: Osc1 Mod Amount idx=7 value=0.7300 default=0.0000
[debug] plugin-state project track track-1 watched: Osc1 Wavefold Amount idx=12 value=0.6100 default=0.0000
[debug] plugin-state project track track-1 non-default: Osc1 Carrier Wave idx=0 value=1.0000 default=0.0000
[debug] plugin-state project track track-1 non-default: Osc1 Mod Amount idx=7 value=0.7300 default=0.0000
[debug] plugin-state project track track-1 non-default: Osc1 Wavefold Amount idx=12 value=0.6100 default=0.0000
[debug] plugin-state project track track-1 non-default: Mod Slot 28 Source idx=191 value=0.5000 default=0.0000
[debug] plugin-state project track track-1 non-default: Mod Slot 29 Source idx=195 value=0.6000 default=0.0000
[debug] plugin-state project track track-1 non-default: Mod Slot 30 Source idx=199 value=0.8000 default=0.0000
[debug] plugin-state project track track-1 non-default: Mod Slot 31 Source idx=203 value=0.7000 default=0.0000
[debug] plugin-state project track track-1 non-default: Mod Slot 32 Source idx=207 value=0.9000 default=0.0000
MIDI Input devices scanned in: 0
Updating MIDI I/O devices
Found MIDI in: all_midi_in ("All MIDI Ins") (enabled)
[debug] trace: app markPlaybackProjectDirty begin
[debug] plugin-state event: app markPlaybackProjectDirty begin
[debug] plugin-state project track track-1: Synthesizer params=2348 nonDefault=8
[debug] plugin-state project track track-1 watched: Osc1 Carrier Wave idx=0 value=1.0000 default=0.0000
[debug] plugin-state project track track-1 watched: Osc1 Mod Amount idx=7 value=0.7300 default=0.0000
[debug] plugin-state project track track-1 watched: Osc1 Wavefold Amount idx=12 value=0.6100 default=0.0000
[debug] plugin-state project track track-1 non-default: Osc1 Carrier Wave idx=0 value=1.0000 default=0.0000
[debug] plugin-state project track track-1 non-default: Osc1 Mod Amount idx=7 value=0.7300 default=0.0000
[debug] plugin-state project track track-1 non-default: Osc1 Wavefold Amount idx=12 value=0.6100 default=0.0000
[debug] plugin-state project track track-1 non-default: Mod Slot 28 Source idx=191 value=0.5000 default=0.0000
[debug] plugin-state project track track-1 non-default: Mod Slot 29 Source idx=195 value=0.6000 default=0.0000
[debug] plugin-state project track track-1 non-default: Mod Slot 30 Source idx=199 value=0.8000 default=0.0000
[debug] plugin-state project track track-1 non-default: Mod Slot 31 Source idx=203 value=0.7000 default=0.0000
[debug] plugin-state project track track-1 non-default: Mod Slot 32 Source idx=207 value=0.9000 default=0.0000
[debug] trace: app restoreObservedPluginParameterStateSoon begin
[debug] plugin-state event: app restoreObservedPluginParameterStateSoon begin
[debug] plugin-state project track track-1: Synthesizer params=2348 nonDefault=8
[debug] plugin-state project track track-1 watched: Osc1 Carrier Wave idx=0 value=1.0000 default=0.0000
[debug] plugin-state project track track-1 watched: Osc1 Mod Amount idx=7 value=0.7300 default=0.0000
[debug] plugin-state project track track-1 watched: Osc1 Wavefold Amount idx=12 value=0.6100 default=0.0000
[debug] plugin-state project track track-1 non-default: Osc1 Carrier Wave idx=0 value=1.0000 default=0.0000
[debug] plugin-state project track track-1 non-default: Osc1 Mod Amount idx=7 value=0.7300 default=0.0000
[debug] plugin-state project track track-1 non-default: Osc1 Wavefold Amount idx=12 value=0.6100 default=0.0000
[debug] plugin-state project track track-1 non-default: Mod Slot 28 Source idx=191 value=0.5000 default=0.0000
[debug] plugin-state project track track-1 non-default: Mod Slot 29 Source idx=195 value=0.6000 default=0.0000
[debug] plugin-state project track track-1 non-default: Mod Slot 30 Source idx=199 value=0.8000 default=0.0000
[debug] plugin-state project track track-1 non-default: Mod Slot 31 Source idx=203 value=0.7000 default=0.0000
[debug] plugin-state project track track-1 non-default: Mod Slot 32 Source idx=207 value=0.9000 default=0.0000
[debug] trace: app restoreObservedPluginParameterStateSoon end
[debug] plugin-state event: app restoreObservedPluginParameterStateSoon end
[debug] plugin-state project track track-1: Synthesizer params=2348 nonDefault=8
[debug] plugin-state project track track-1 watched: Osc1 Carrier Wave idx=0 value=1.0000 default=0.0000
[debug] plugin-state project track track-1 watched: Osc1 Mod Amount idx=7 value=0.7300 default=0.0000
[debug] plugin-state project track track-1 watched: Osc1 Wavefold Amount idx=12 value=0.6100 default=0.0000
[debug] plugin-state project track track-1 non-default: Osc1 Carrier Wave idx=0 value=1.0000 default=0.0000
[debug] plugin-state project track track-1 non-default: Osc1 Mod Amount idx=7 value=0.7300 default=0.0000
[debug] plugin-state project track track-1 non-default: Osc1 Wavefold Amount idx=12 value=0.6100 default=0.0000
[debug] plugin-state project track track-1 non-default: Mod Slot 28 Source idx=191 value=0.5000 default=0.0000
[debug] plugin-state project track track-1 non-default: Mod Slot 29 Source idx=195 value=0.6000 default=0.0000
[debug] plugin-state project track track-1 non-default: Mod Slot 30 Source idx=199 value=0.8000 default=0.0000
[debug] plugin-state project track track-1 non-default: Mod Slot 31 Source idx=203 value=0.7000 default=0.0000
[debug] plugin-state project track track-1 non-default: Mod Slot 32 Source idx=207 value=0.9000 default=0.0000
[debug] trace: app markPlaybackProjectDirty end
[debug] plugin-state event: app markPlaybackProjectDirty end
[debug] plugin-state project track track-1: Synthesizer params=2348 nonDefault=8
[debug] plugin-state project track track-1 watched: Osc1 Carrier Wave idx=0 value=1.0000 default=0.0000
[debug] plugin-state project track track-1 watched: Osc1 Mod Amount idx=7 value=0.7300 default=0.0000
[debug] plugin-state project track track-1 watched: Osc1 Wavefold Amount idx=12 value=0.6100 default=0.0000
[debug] plugin-state project track track-1 non-default: Osc1 Carrier Wave idx=0 value=1.0000 default=0.0000
[debug] plugin-state project track track-1 non-default: Osc1 Mod Amount idx=7 value=0.7300 default=0.0000
[debug] plugin-state project track track-1 non-default: Osc1 Wavefold Amount idx=12 value=0.6100 default=0.0000
[debug] plugin-state project track track-1 non-default: Mod Slot 28 Source idx=191 value=0.5000 default=0.0000
[debug] plugin-state project track track-1 non-default: Mod Slot 29 Source idx=195 value=0.6000 default=0.0000
[debug] plugin-state project track track-1 non-default: Mod Slot 30 Source idx=199 value=0.8000 default=0.0000
[debug] plugin-state project track track-1 non-default: Mod Slot 31 Source idx=203 value=0.7000 default=0.0000
[debug] plugin-state project track track-1 non-default: Mod Slot 32 Source idx=207 value=0.9000 default=0.0000
[debug] trace: app syncPlaybackProjectIfNeeded begin
[debug] plugin-state event: app syncPlaybackProjectIfNeeded begin
[debug] plugin-state project track track-1: Synthesizer params=2348 nonDefault=8
[debug] plugin-state project track track-1 watched: Osc1 Carrier Wave idx=0 value=1.0000 default=0.0000
[debug] plugin-state project track track-1 watched: Osc1 Mod Amount idx=7 value=0.7300 default=0.0000
[debug] plugin-state project track track-1 watched: Osc1 Wavefold Amount idx=12 value=0.6100 default=0.0000
[debug] plugin-state project track track-1 non-default: Osc1 Carrier Wave idx=0 value=1.0000 default=0.0000
[debug] plugin-state project track track-1 non-default: Osc1 Mod Amount idx=7 value=0.7300 default=0.0000
[debug] plugin-state project track track-1 non-default: Osc1 Wavefold Amount idx=12 value=0.6100 default=0.0000
[debug] plugin-state project track track-1 non-default: Mod Slot 28 Source idx=191 value=0.5000 default=0.0000
[debug] plugin-state project track track-1 non-default: Mod Slot 29 Source idx=195 value=0.6000 default=0.0000
[debug] plugin-state project track track-1 non-default: Mod Slot 30 Source idx=199 value=0.8000 default=0.0000
[debug] plugin-state project track track-1 non-default: Mod Slot 31 Source idx=203 value=0.7000 default=0.0000
[debug] plugin-state project track track-1 non-default: Mod Slot 32 Source idx=207 value=0.9000 default=0.0000
[info] Project playback synced: Project synced in place
[debug] trace: app syncPlaybackProjectIfNeeded end
[debug] plugin-state event: app syncPlaybackProjectIfNeeded end
[debug] plugin-state project track track-1: Synthesizer params=2348 nonDefault=8
[debug] plugin-state project track track-1 watched: Osc1 Carrier Wave idx=0 value=1.0000 default=0.0000
[debug] plugin-state project track track-1 watched: Osc1 Mod Amount idx=7 value=0.7300 default=0.0000
[debug] plugin-state project track track-1 watched: Osc1 Wavefold Amount idx=12 value=0.6100 default=0.0000
[debug] plugin-state project track track-1 non-default: Osc1 Carrier Wave idx=0 value=1.0000 default=0.0000
[debug] plugin-state project track track-1 non-default: Osc1 Mod Amount idx=7 value=0.7300 default=0.0000
[debug] plugin-state project track track-1 non-default: Osc1 Wavefold Amount idx=12 value=0.6100 default=0.0000
[debug] plugin-state project track track-1 non-default: Mod Slot 28 Source idx=191 value=0.5000 default=0.0000
[debug] plugin-state project track track-1 non-default: Mod Slot 29 Source idx=195 value=0.6000 default=0.0000
[debug] plugin-state project track track-1 non-default: Mod Slot 30 Source idx=199 value=0.8000 default=0.0000
[debug] plugin-state project track track-1 non-default: Mod Slot 31 Source idx=203 value=0.7000 default=0.0000
[debug] plugin-state project track track-1 non-default: Mod Slot 32 Source idx=207 value=0.9000 default=0.0000
[debug] trace: app returnPlaybackToStart begin
[debug] plugin-state event: app returnPlaybackToStart begin
[debug] plugin-state project track track-1: Synthesizer params=2348 nonDefault=8
[debug] plugin-state project track track-1 watched: Osc1 Carrier Wave idx=0 value=1.0000 default=0.0000
[debug] plugin-state project track track-1 watched: Osc1 Mod Amount idx=7 value=0.7300 default=0.0000
[debug] plugin-state project track track-1 watched: Osc1 Wavefold Amount idx=12 value=0.6100 default=0.0000
[debug] plugin-state project track track-1 non-default: Osc1 Carrier Wave idx=0 value=1.0000 default=0.0000
[debug] plugin-state project track track-1 non-default: Osc1 Mod Amount idx=7 value=0.7300 default=0.0000
[debug] plugin-state project track track-1 non-default: Osc1 Wavefold Amount idx=12 value=0.6100 default=0.0000
[debug] plugin-state project track track-1 non-default: Mod Slot 28 Source idx=191 value=0.5000 default=0.0000
[debug] plugin-state project track track-1 non-default: Mod Slot 29 Source idx=195 value=0.6000 default=0.0000
[debug] plugin-state project track track-1 non-default: Mod Slot 30 Source idx=199 value=0.8000 default=0.0000
[debug] plugin-state project track track-1 non-default: Mod Slot 31 Source idx=203 value=0.7000 default=0.0000
[debug] plugin-state project track track-1 non-default: Mod Slot 32 Source idx=207 value=0.9000 default=0.0000
[debug] trace: app returnPlaybackToStart end
[debug] plugin-state event: app returnPlaybackToStart end
[debug] plugin-state project track track-1: Synthesizer params=2348 nonDefault=8
[debug] plugin-state project track track-1 watched: Osc1 Carrier Wave idx=0 value=1.0000 default=0.0000
[debug] plugin-state project track track-1 watched: Osc1 Mod Amount idx=7 value=0.7300 default=0.0000
[debug] plugin-state project track track-1 watched: Osc1 Wavefold Amount idx=12 value=0.6100 default=0.0000
[debug] plugin-state project track track-1 non-default: Osc1 Carrier Wave idx=0 value=1.0000 default=0.0000
[debug] plugin-state project track track-1 non-default: Osc1 Mod Amount idx=7 value=0.7300 default=0.0000
[debug] plugin-state project track track-1 non-default: Osc1 Wavefold Amount idx=12 value=0.6100 default=0.0000
[debug] plugin-state project track track-1 non-default: Mod Slot 28 Source idx=191 value=0.5000 default=0.0000
[debug] plugin-state project track track-1 non-default: Mod Slot 29 Source idx=195 value=0.6000 default=0.0000
[debug] plugin-state project track track-1 non-default: Mod Slot 30 Source idx=199 value=0.8000 default=0.0000
[debug] plugin-state project track track-1 non-default: Mod Slot 31 Source idx=203 value=0.7000 default=0.0000
[debug] plugin-state project track track-1 non-default: Mod Slot 32 Source idx=207 value=0.9000 default=0.0000
[debug] trace: app startProjectPlayback begin
[debug] plugin-state event: app startProjectPlayback begin
[debug] plugin-state project track track-1: Synthesizer params=2348 nonDefault=8
[debug] plugin-state project track track-1 watched: Osc1 Carrier Wave idx=0 value=1.0000 default=0.0000
[debug] plugin-state project track track-1 watched: Osc1 Mod Amount idx=7 value=0.7300 default=0.0000
[debug] plugin-state project track track-1 watched: Osc1 Wavefold Amount idx=12 value=0.6100 default=0.0000
[debug] plugin-state project track track-1 non-default: Osc1 Carrier Wave idx=0 value=1.0000 default=0.0000
[debug] plugin-state project track track-1 non-default: Osc1 Mod Amount idx=7 value=0.7300 default=0.0000
[debug] plugin-state project track track-1 non-default: Osc1 Wavefold Amount idx=12 value=0.6100 default=0.0000
[debug] plugin-state project track track-1 non-default: Mod Slot 28 Source idx=191 value=0.5000 default=0.0000
[debug] plugin-state project track track-1 non-default: Mod Slot 29 Source idx=195 value=0.6000 default=0.0000
[debug] plugin-state project track track-1 non-default: Mod Slot 30 Source idx=199 value=0.8000 default=0.0000
[debug] plugin-state project track track-1 non-default: Mod Slot 31 Source idx=203 value=0.7000 default=0.0000
[debug] plugin-state project track track-1 non-default: Mod Slot 32 Source idx=207 value=0.9000 default=0.0000
[info] Project playback started
[debug] trace: app startProjectPlayback end
[debug] plugin-state event: app startProjectPlayback end
[debug] plugin-state project track track-1: Synthesizer params=2348 nonDefault=8
[debug] plugin-state project track track-1 watched: Osc1 Carrier Wave idx=0 value=1.0000 default=0.0000
[debug] plugin-state project track track-1 watched: Osc1 Mod Amount idx=7 value=0.7300 default=0.0000
[debug] plugin-state project track track-1 watched: Osc1 Wavefold Amount idx=12 value=0.6100 default=0.0000
[debug] plugin-state project track track-1 non-default: Osc1 Carrier Wave idx=0 value=1.0000 default=0.0000
[debug] plugin-state project track track-1 non-default: Osc1 Mod Amount idx=7 value=0.7300 default=0.0000
[debug] plugin-state project track track-1 non-default: Osc1 Wavefold Amount idx=12 value=0.6100 default=0.0000
[debug] plugin-state project track track-1 non-default: Mod Slot 28 Source idx=191 value=0.5000 default=0.0000
[debug] plugin-state project track track-1 non-default: Mod Slot 29 Source idx=195 value=0.6000 default=0.0000
[debug] plugin-state project track track-1 non-default: Mod Slot 30 Source idx=199 value=0.8000 default=0.0000
[debug] plugin-state project track track-1 non-default: Mod Slot 31 Source idx=203 value=0.7000 default=0.0000
[debug] plugin-state project track track-1 non-default: Mod Slot 32 Source idx=207 value=0.9000 default=0.0000
Cleaning up temp files..
===============================================================================
All tests passed (93 assertions in 1 test case)

<end of output>
Test time =  12.84 sec
----------------------------------------------------------
Test Passed.
"tsq_engine_integration_tests" end time: Jun 08 21:21 PDT
"tsq_engine_integration_tests" time elapsed: 00:00:12
----------------------------------------------------------

End testing: Jun 08 21:21 PDT

engine =  12.84 sec*proc

integration =  12.84 sec*proc

plugin =  12.84 sec*proc

vst3 =  12.84 sec*proc

